[2026-03-24T15:19:26.994+0000] {manager.py:470} INFO - Processing files using up to 2 processes at a time 
[2026-03-24T15:19:26.995+0000] {manager.py:471} INFO - Process each file at most once every 30 seconds
[2026-03-24T15:19:26.995+0000] {manager.py:472} INFO - Checking for new files in /opt/airflow/dags every 300 seconds
[2026-03-24T15:19:26.996+0000] {manager.py:737} INFO - Searching for files in /opt/airflow/dags
[2026-03-24T15:19:26.997+0000] {manager.py:740} INFO - There are 0 files in /opt/airflow/dags
[2026-03-24T15:24:27.758+0000] {manager.py:737} INFO - Searching for files in /opt/airflow/dags
[2026-03-24T15:24:27.760+0000] {manager.py:740} INFO - There are 0 files in /opt/airflow/dags
[2026-03-24T15:29:28.463+0000] {manager.py:737} INFO - Searching for files in /opt/airflow/dags
[2026-03-24T15:29:28.464+0000] {manager.py:740} INFO - There are 1 files in /opt/airflow/dags
[2026-03-24T15:29:30.580+0000] {manager.py:878} INFO - 
================================================================================
DAG File Processing Stats

File Path                                  PID  Runtime      # DAGs    # Errors  Last Runtime    Last Run
---------------------------------------  -----  ---------  --------  ----------  --------------  ----------
/opt/airflow/dags/scada_pipeline_dag.py    168  2.03s             0           0
================================================================================
[2026-03-24T15:30:00.751+0000] {manager.py:878} INFO - 
================================================================================
DAG File Processing Stats

File Path                                  PID  Runtime      # DAGs    # Errors  Last Runtime    Last Run
---------------------------------------  -----  ---------  --------  ----------  --------------  -------------------
/opt/airflow/dags/scada_pipeline_dag.py    173  0.00s             1           0  2.06s           2026-03-24T15:29:30
================================================================================
[2026-03-24T15:30:30.941+0000] {manager.py:878} INFO - 
================================================================================
DAG File Processing Stats

File Path                                  PID  Runtime      # DAGs    # Errors  Last Runtime    Last Run
---------------------------------------  -----  ---------  --------  ----------  --------------  -------------------
/opt/airflow/dags/scada_pipeline_dag.py    178  0.01s             1           0  0.13s           2026-03-24T15:30:00
================================================================================
[2026-03-24T15:31:01.222+0000] {manager.py:878} INFO - 
================================================================================
DAG File Processing Stats

File Path                                  PID  Runtime      # DAGs    # Errors  Last Runtime    Last Run
---------------------------------------  -----  ---------  --------  ----------  --------------  -------------------
/opt/airflow/dags/scada_pipeline_dag.py    183  0.01s             1           0  0.17s           2026-03-24T15:30:31
================================================================================
[2026-03-24T15:31:31.454+0000] {manager.py:878} INFO - 
================================================================================
DAG File Processing Stats

File Path                                  PID  Runtime      # DAGs    # Errors  Last Runtime    Last Run
---------------------------------------  -----  ---------  --------  ----------  --------------  -------------------
/opt/airflow/dags/scada_pipeline_dag.py    195  0.01s             1           0  0.22s           2026-03-24T15:31:01
================================================================================
[2026-03-24T15:32:01.629+0000] {manager.py:878} INFO - 
================================================================================
DAG File Processing Stats

File Path                                  PID  Runtime      # DAGs    # Errors  Last Runtime    Last Run
---------------------------------------  -----  ---------  --------  ----------  --------------  -------------------
/opt/airflow/dags/scada_pipeline_dag.py    200  0.00s             1           0  0.12s           2026-03-24T15:31:31
================================================================================
[2026-03-24T15:32:31.883+0000] {manager.py:878} INFO - 
================================================================================
DAG File Processing Stats

File Path                                  PID  Runtime      # DAGs    # Errors  Last Runtime    Last Run
---------------------------------------  -----  ---------  --------  ----------  --------------  -------------------
/opt/airflow/dags/scada_pipeline_dag.py    205  0.01s             1           0  0.14s           2026-03-24T15:32:01
================================================================================
[2026-03-24T15:33:02.107+0000] {manager.py:878} INFO - 
================================================================================
DAG File Processing Stats

File Path                                  PID  Runtime      # DAGs    # Errors  Last Runtime    Last Run
---------------------------------------  -----  ---------  --------  ----------  --------------  -------------------
/opt/airflow/dags/scada_pipeline_dag.py    210  0.01s             1           0  0.13s           2026-03-24T15:32:32
================================================================================
[2026-03-24T15:33:32.363+0000] {manager.py:878} INFO - 
================================================================================
DAG File Processing Stats

File Path                                  PID  Runtime      # DAGs    # Errors  Last Runtime    Last Run
---------------------------------------  -----  ---------  --------  ----------  --------------  -------------------
/opt/airflow/dags/scada_pipeline_dag.py    221  0.00s             1           0  0.13s           2026-03-24T15:33:02
================================================================================
[2026-03-24T15:34:02.549+0000] {manager.py:878} INFO - 
================================================================================
DAG File Processing Stats

File Path                                  PID  Runtime      # DAGs    # Errors  Last Runtime    Last Run
---------------------------------------  -----  ---------  --------  ----------  --------------  -------------------
/opt/airflow/dags/scada_pipeline_dag.py    232  0.00s             1           0  0.12s           2026-03-24T15:33:32
================================================================================
[2026-03-24T15:34:28.778+0000] {manager.py:737} INFO - Searching for files in /opt/airflow/dags
[2026-03-24T15:34:28.779+0000] {manager.py:740} INFO - There are 1 files in /opt/airflow/dags
[2026-03-24T15:34:32.828+0000] {manager.py:878} INFO - 
================================================================================
DAG File Processing Stats

File Path                                  PID  Runtime      # DAGs    # Errors  Last Runtime    Last Run
---------------------------------------  -----  ---------  --------  ----------  --------------  -------------------
/opt/airflow/dags/scada_pipeline_dag.py    237  0.01s             1           0  0.11s           2026-03-24T15:34:02
================================================================================
[2026-03-24T15:35:03.003+0000] {manager.py:878} INFO - 
================================================================================
DAG File Processing Stats

File Path                                  PID  Runtime      # DAGs    # Errors  Last Runtime    Last Run
---------------------------------------  -----  ---------  --------  ----------  --------------  -------------------
/opt/airflow/dags/scada_pipeline_dag.py    242  0.00s             1           0  0.16s           2026-03-24T15:34:32
================================================================================
[2026-03-24T15:35:33.292+0000] {manager.py:878} INFO - 
================================================================================
DAG File Processing Stats

File Path                                  PID  Runtime      # DAGs    # Errors  Last Runtime    Last Run
---------------------------------------  -----  ---------  --------  ----------  --------------  -------------------
/opt/airflow/dags/scada_pipeline_dag.py    247  0.00s             1           0  0.13s           2026-03-24T15:35:03
================================================================================
[2026-03-24T15:36:03.468+0000] {manager.py:878} INFO - 
================================================================================
DAG File Processing Stats

File Path                                  PID  Runtime      # DAGs    # Errors  Last Runtime    Last Run
---------------------------------------  -----  ---------  --------  ----------  --------------  -------------------
/opt/airflow/dags/scada_pipeline_dag.py    252  0.00s             1           0  0.11s           2026-03-24T15:35:33
================================================================================
[2026-03-24T15:36:33.715+0000] {manager.py:878} INFO - 
================================================================================
DAG File Processing Stats

File Path                                  PID  Runtime      # DAGs    # Errors  Last Runtime    Last Run
---------------------------------------  -----  ---------  --------  ----------  --------------  -------------------
/opt/airflow/dags/scada_pipeline_dag.py    257  0.00s             1           0  0.13s           2026-03-24T15:36:03
================================================================================
[2026-03-24T15:37:03.891+0000] {manager.py:878} INFO - 
================================================================================
DAG File Processing Stats

File Path                                  PID  Runtime      # DAGs    # Errors  Last Runtime    Last Run
---------------------------------------  -----  ---------  --------  ----------  --------------  -------------------
/opt/airflow/dags/scada_pipeline_dag.py    278  0.00s             1           0  0.12s           2026-03-24T15:36:33
================================================================================
[2026-03-24T15:37:34.157+0000] {manager.py:878} INFO - 
================================================================================
DAG File Processing Stats

File Path                                  PID  Runtime      # DAGs    # Errors  Last Runtime    Last Run
---------------------------------------  -----  ---------  --------  ----------  --------------  -------------------
/opt/airflow/dags/scada_pipeline_dag.py    283  0.00s             1           0  0.11s           2026-03-24T15:37:03
================================================================================
[2026-03-24T15:38:04.336+0000] {manager.py:878} INFO - 
================================================================================
DAG File Processing Stats

File Path                                  PID  Runtime      # DAGs    # Errors  Last Runtime    Last Run
---------------------------------------  -----  ---------  --------  ----------  --------------  -------------------
/opt/airflow/dags/scada_pipeline_dag.py    288  0.00s             1           0  0.10s           2026-03-24T15:37:34
================================================================================
[2026-03-24T15:38:34.572+0000] {manager.py:878} INFO - 
================================================================================
DAG File Processing Stats

File Path                                  PID  Runtime      # DAGs    # Errors  Last Runtime    Last Run
---------------------------------------  -----  ---------  --------  ----------  --------------  -------------------
/opt/airflow/dags/scada_pipeline_dag.py    293  0.00s             1           0  0.11s           2026-03-24T15:38:04
================================================================================
[2026-03-24T15:39:04.758+0000] {manager.py:878} INFO - 
================================================================================
DAG File Processing Stats

File Path                                  PID  Runtime      # DAGs    # Errors  Last Runtime    Last Run
---------------------------------------  -----  ---------  --------  ----------  --------------  -------------------
/opt/airflow/dags/scada_pipeline_dag.py    298  0.00s             1           0  0.11s           2026-03-24T15:38:34
================================================================================
[2026-03-24T15:39:28.947+0000] {manager.py:737} INFO - Searching for files in /opt/airflow/dags
[2026-03-24T15:39:28.948+0000] {manager.py:740} INFO - There are 1 files in /opt/airflow/dags
[2026-03-24T15:39:35.012+0000] {manager.py:878} INFO - 
================================================================================
DAG File Processing Stats

File Path                                  PID  Runtime      # DAGs    # Errors  Last Runtime    Last Run
---------------------------------------  -----  ---------  --------  ----------  --------------  -------------------
/opt/airflow/dags/scada_pipeline_dag.py    303  0.00s             1           0  0.14s           2026-03-24T15:39:04
================================================================================
[2026-03-24T15:40:05.197+0000] {manager.py:878} INFO - 
================================================================================
DAG File Processing Stats

File Path                                  PID  Runtime      # DAGs    # Errors  Last Runtime    Last Run
---------------------------------------  -----  ---------  --------  ----------  --------------  -------------------
/opt/airflow/dags/scada_pipeline_dag.py    308  0.00s             1           0  0.12s           2026-03-24T15:39:35
================================================================================
[2026-03-24T15:40:35.447+0000] {manager.py:878} INFO - 
================================================================================
DAG File Processing Stats

File Path                                  PID  Runtime      # DAGs    # Errors  Last Runtime    Last Run
---------------------------------------  -----  ---------  --------  ----------  --------------  -------------------
/opt/airflow/dags/scada_pipeline_dag.py    313  0.00s             1           0  0.11s           2026-03-24T15:40:05
================================================================================
[2026-03-24T15:41:05.632+0000] {manager.py:878} INFO - 
================================================================================
DAG File Processing Stats

File Path                                  PID  Runtime      # DAGs    # Errors  Last Runtime    Last Run
---------------------------------------  -----  ---------  --------  ----------  --------------  -------------------
/opt/airflow/dags/scada_pipeline_dag.py    318  0.00s             1           0  0.13s           2026-03-24T15:40:35
================================================================================
[2026-03-24T15:41:35.930+0000] {manager.py:878} INFO - 
================================================================================
DAG File Processing Stats

File Path                                  PID  Runtime      # DAGs    # Errors  Last Runtime    Last Run
---------------------------------------  -----  ---------  --------  ----------  --------------  -------------------
/opt/airflow/dags/scada_pipeline_dag.py    323  0.01s             1           0  0.11s           2026-03-24T15:41:05
================================================================================
[2026-03-24T15:42:06.137+0000] {manager.py:878} INFO - 
================================================================================
DAG File Processing Stats

File Path                                  PID  Runtime      # DAGs    # Errors  Last Runtime    Last Run
---------------------------------------  -----  ---------  --------  ----------  --------------  -------------------
/opt/airflow/dags/scada_pipeline_dag.py    328  0.00s             1           0  0.21s           2026-03-24T15:41:36
================================================================================
[2026-03-24T15:42:32.706+0000] {manager.py:452} INFO - Exiting gracefully upon receiving signal 15
[2026-03-24T15:45:53.745+0000] {manager.py:470} INFO - Processing files using up to 2 processes at a time 
[2026-03-24T15:45:53.746+0000] {manager.py:471} INFO - Process each file at most once every 30 seconds
[2026-03-24T15:45:53.747+0000] {manager.py:472} INFO - Checking for new files in /opt/airflow/dags every 300 seconds
[2026-03-24T15:45:53.747+0000] {manager.py:737} INFO - Searching for files in /opt/airflow/dags
[2026-03-24T15:45:53.749+0000] {manager.py:740} INFO - There are 1 files in /opt/airflow/dags
[2026-03-24T15:45:53.861+0000] {manager.py:878} INFO - 
================================================================================
DAG File Processing Stats

File Path                                  PID  Runtime      # DAGs    # Errors  Last Runtime    Last Run
---------------------------------------  -----  ---------  --------  ----------  --------------  ----------
/opt/airflow/dags/scada_pipeline_dag.py    168  0.05s             0           0
================================================================================
[2026-03-24T15:46:24.020+0000] {manager.py:878} INFO - 
================================================================================
DAG File Processing Stats

File Path                                  PID  Runtime      # DAGs    # Errors  Last Runtime    Last Run
---------------------------------------  -----  ---------  --------  ----------  --------------  -------------------
/opt/airflow/dags/scada_pipeline_dag.py    173  0.00s             1           0  0.15s           2026-03-24T15:45:53
================================================================================
[2026-03-24T15:46:54.276+0000] {manager.py:878} INFO - 
================================================================================
DAG File Processing Stats

File Path                                PID    Runtime      # DAGs    # Errors  Last Runtime    Last Run
---------------------------------------  -----  ---------  --------  ----------  --------------  -------------------
/opt/airflow/dags/scada_pipeline_dag.py                           1           0  0.28s           2026-03-24T15:46:24
================================================================================
[2026-03-24T15:47:24.654+0000] {manager.py:878} INFO - 
================================================================================
DAG File Processing Stats

File Path                                  PID  Runtime      # DAGs    # Errors  Last Runtime    Last Run
---------------------------------------  -----  ---------  --------  ----------  --------------  -------------------
/opt/airflow/dags/scada_pipeline_dag.py    183  0.01s             1           0  0.12s           2026-03-24T15:46:54
================================================================================
[2026-03-24T15:47:54.913+0000] {manager.py:878} INFO - 
================================================================================
DAG File Processing Stats

File Path                                  PID  Runtime      # DAGs    # Errors  Last Runtime    Last Run
---------------------------------------  -----  ---------  --------  ----------  --------------  -------------------
/opt/airflow/dags/scada_pipeline_dag.py    188  0.01s             1           0  0.11s           2026-03-24T15:47:24
================================================================================
[2026-03-24T15:48:25.102+0000] {manager.py:878} INFO - 
================================================================================
DAG File Processing Stats

File Path                                PID    Runtime      # DAGs    # Errors  Last Runtime    Last Run
---------------------------------------  -----  ---------  --------  ----------  --------------  -------------------
/opt/airflow/dags/scada_pipeline_dag.py                           1           0  0.23s           2026-03-24T15:47:55
================================================================================
[2026-03-24T15:48:55.457+0000] {manager.py:878} INFO - 
================================================================================
DAG File Processing Stats

File Path                                  PID  Runtime      # DAGs    # Errors  Last Runtime    Last Run
---------------------------------------  -----  ---------  --------  ----------  --------------  -------------------
/opt/airflow/dags/scada_pipeline_dag.py    215  0.01s             1           0  0.12s           2026-03-24T15:48:25
================================================================================
[2026-03-24T15:49:25.733+0000] {manager.py:878} INFO - 
================================================================================
DAG File Processing Stats

File Path                                  PID  Runtime      # DAGs    # Errors  Last Runtime    Last Run
---------------------------------------  -----  ---------  --------  ----------  --------------  -------------------
/opt/airflow/dags/scada_pipeline_dag.py    220  0.01s             1           0  0.13s           2026-03-24T15:48:55
================================================================================
[2026-03-24T15:49:55.917+0000] {manager.py:878} INFO - 
================================================================================
DAG File Processing Stats

File Path                                  PID  Runtime      # DAGs    # Errors  Last Runtime    Last Run
---------------------------------------  -----  ---------  --------  ----------  --------------  -------------------
/opt/airflow/dags/scada_pipeline_dag.py    225  0.00s             1           0  0.11s           2026-03-24T15:49:25
================================================================================
[2026-03-24T15:50:26.153+0000] {manager.py:878} INFO - 
================================================================================
DAG File Processing Stats

File Path                                  PID  Runtime      # DAGs    # Errors  Last Runtime    Last Run
---------------------------------------  -----  ---------  --------  ----------  --------------  -------------------
/opt/airflow/dags/scada_pipeline_dag.py    230  0.01s             1           0  0.12s           2026-03-24T15:49:56
================================================================================
[2026-03-24T15:50:54.331+0000] {manager.py:737} INFO - Searching for files in /opt/airflow/dags
[2026-03-24T15:50:54.332+0000] {manager.py:740} INFO - There are 1 files in /opt/airflow/dags
[2026-03-24T15:50:56.366+0000] {manager.py:878} INFO - 
================================================================================
DAG File Processing Stats

File Path                                  PID  Runtime      # DAGs    # Errors  Last Runtime    Last Run
---------------------------------------  -----  ---------  --------  ----------  --------------  -------------------
/opt/airflow/dags/scada_pipeline_dag.py    235  0.00s             1           0  0.12s           2026-03-24T15:50:26
================================================================================
[2026-03-24T15:51:26.574+0000] {manager.py:878} INFO - 
================================================================================
DAG File Processing Stats

File Path                                  PID  Runtime      # DAGs    # Errors  Last Runtime    Last Run
---------------------------------------  -----  ---------  --------  ----------  --------------  -------------------
/opt/airflow/dags/scada_pipeline_dag.py    240  0.00s             1           0  0.10s           2026-03-24T15:50:56
================================================================================
[2026-03-24T15:51:56.768+0000] {manager.py:878} INFO - 
================================================================================
DAG File Processing Stats

File Path                                  PID  Runtime      # DAGs    # Errors  Last Runtime    Last Run
---------------------------------------  -----  ---------  --------  ----------  --------------  -------------------
/opt/airflow/dags/scada_pipeline_dag.py    245  0.00s             1           0  0.10s           2026-03-24T15:51:26
================================================================================
[2026-03-24T15:51:59.553+0000] {manager.py:452} INFO - Exiting gracefully upon receiving signal 15
[2026-03-26T14:54:10.431+0000] {manager.py:470} INFO - Processing files using up to 2 processes at a time 
[2026-03-26T14:54:10.432+0000] {manager.py:471} INFO - Process each file at most once every 30 seconds
[2026-03-26T14:54:10.433+0000] {manager.py:472} INFO - Checking for new files in /opt/airflow/dags every 300 seconds
[2026-03-26T14:54:10.434+0000] {manager.py:737} INFO - Searching for files in /opt/airflow/dags
[2026-03-26T14:54:10.436+0000] {manager.py:740} INFO - There are 1 files in /opt/airflow/dags
[2026-03-26T14:54:10.527+0000] {manager.py:878} INFO - 
================================================================================
DAG File Processing Stats

File Path                                  PID  Runtime      # DAGs    # Errors  Last Runtime    Last Run
---------------------------------------  -----  ---------  --------  ----------  --------------  ----------
/opt/airflow/dags/scada_pipeline_dag.py    167  0.04s             0           0
================================================================================
[2026-03-26T14:54:43.467+0000] {manager.py:878} INFO - 
================================================================================
DAG File Processing Stats

File Path                                PID    Runtime      # DAGs    # Errors  Last Runtime    Last Run
---------------------------------------  -----  ---------  --------  ----------  --------------  -------------------
/opt/airflow/dags/scada_pipeline_dag.py                           1           0  0.25s           2026-03-26T14:54:41
================================================================================
[2026-03-26T14:55:16.503+0000] {manager.py:878} INFO - 
================================================================================
DAG File Processing Stats

File Path                                PID    Runtime      # DAGs    # Errors  Last Runtime    Last Run
---------------------------------------  -----  ---------  --------  ----------  --------------  -------------------
/opt/airflow/dags/scada_pipeline_dag.py                           1           0  0.17s           2026-03-26T14:55:12
================================================================================
[2026-03-26T14:55:49.647+0000] {manager.py:878} INFO - 
================================================================================
DAG File Processing Stats

File Path                                PID    Runtime      # DAGs    # Errors  Last Runtime    Last Run
---------------------------------------  -----  ---------  --------  ----------  --------------  -------------------
/opt/airflow/dags/scada_pipeline_dag.py                           1           0  0.23s           2026-03-26T14:55:42
================================================================================
[2026-03-26T14:56:23.136+0000] {manager.py:878} INFO - 
================================================================================
DAG File Processing Stats

File Path                                PID    Runtime      # DAGs    # Errors  Last Runtime    Last Run
---------------------------------------  -----  ---------  --------  ----------  --------------  -------------------
/opt/airflow/dags/scada_pipeline_dag.py                           1           0  0.14s           2026-03-26T14:56:13
================================================================================
[2026-03-26T14:56:56.724+0000] {manager.py:878} INFO - 
================================================================================
DAG File Processing Stats

File Path                                PID    Runtime      # DAGs    # Errors  Last Runtime    Last Run
---------------------------------------  -----  ---------  --------  ----------  --------------  -------------------
/opt/airflow/dags/scada_pipeline_dag.py                           1           0  0.18s           2026-03-26T14:56:43
================================================================================
[2026-03-26T14:57:30.264+0000] {manager.py:878} INFO - 
================================================================================
DAG File Processing Stats

File Path                                PID    Runtime      # DAGs    # Errors  Last Runtime    Last Run
---------------------------------------  -----  ---------  --------  ----------  --------------  -------------------
/opt/airflow/dags/scada_pipeline_dag.py                           1           0  0.12s           2026-03-26T14:57:14
================================================================================
[2026-03-26T14:58:03.777+0000] {manager.py:878} INFO - 
================================================================================
DAG File Processing Stats

File Path                                PID    Runtime      # DAGs    # Errors  Last Runtime    Last Run
---------------------------------------  -----  ---------  --------  ----------  --------------  -------------------
/opt/airflow/dags/scada_pipeline_dag.py                           1           0  0.08s           2026-03-26T14:57:44
================================================================================
[2026-03-26T14:58:37.259+0000] {manager.py:878} INFO - 
================================================================================
DAG File Processing Stats

File Path                                PID    Runtime      # DAGs    # Errors  Last Runtime    Last Run
---------------------------------------  -----  ---------  --------  ----------  --------------  -------------------
/opt/airflow/dags/scada_pipeline_dag.py                           1           0  0.09s           2026-03-26T14:58:17
================================================================================
[2026-03-26T14:59:10.768+0000] {manager.py:737} INFO - Searching for files in /opt/airflow/dags
[2026-03-26T14:59:10.770+0000] {manager.py:740} INFO - There are 1 files in /opt/airflow/dags
[2026-03-26T14:59:10.784+0000] {manager.py:878} INFO - 
================================================================================
DAG File Processing Stats

File Path                                PID    Runtime      # DAGs    # Errors  Last Runtime    Last Run
---------------------------------------  -----  ---------  --------  ----------  --------------  -------------------
/opt/airflow/dags/scada_pipeline_dag.py                           1           0  0.21s           2026-03-26T14:58:50
================================================================================
[2026-03-26T14:59:44.284+0000] {manager.py:878} INFO - 
================================================================================
DAG File Processing Stats

File Path                                PID    Runtime      # DAGs    # Errors  Last Runtime    Last Run
---------------------------------------  -----  ---------  --------  ----------  --------------  -------------------
/opt/airflow/dags/scada_pipeline_dag.py                           1           0  0.11s           2026-03-26T14:59:23
================================================================================
[2026-03-26T15:00:17.842+0000] {manager.py:878} INFO - 
================================================================================
DAG File Processing Stats

File Path                                PID    Runtime      # DAGs    # Errors  Last Runtime    Last Run
---------------------------------------  -----  ---------  --------  ----------  --------------  -------------------
/opt/airflow/dags/scada_pipeline_dag.py                           1           0  0.16s           2026-03-26T14:59:56
================================================================================
[2026-03-26T15:00:51.403+0000] {manager.py:878} INFO - 
================================================================================
DAG File Processing Stats

File Path                                PID    Runtime      # DAGs    # Errors  Last Runtime    Last Run
---------------------------------------  -----  ---------  --------  ----------  --------------  -------------------
/opt/airflow/dags/scada_pipeline_dag.py                           1           0  0.30s           2026-03-26T15:00:30
================================================================================
[2026-03-26T15:01:24.898+0000] {manager.py:878} INFO - 
================================================================================
DAG File Processing Stats

File Path                                PID    Runtime      # DAGs    # Errors  Last Runtime    Last Run
---------------------------------------  -----  ---------  --------  ----------  --------------  -------------------
/opt/airflow/dags/scada_pipeline_dag.py                           1           0  0.11s           2026-03-26T15:01:03
================================================================================
[2026-03-26T15:01:58.476+0000] {manager.py:878} INFO - 
================================================================================
DAG File Processing Stats

File Path                                PID    Runtime      # DAGs    # Errors  Last Runtime    Last Run
---------------------------------------  -----  ---------  --------  ----------  --------------  -------------------
/opt/airflow/dags/scada_pipeline_dag.py                           1           0  0.10s           2026-03-26T15:01:37
================================================================================
[2026-03-26T15:02:31.951+0000] {manager.py:878} INFO - 
================================================================================
DAG File Processing Stats

File Path                                PID    Runtime      # DAGs    # Errors  Last Runtime    Last Run
---------------------------------------  -----  ---------  --------  ----------  --------------  -------------------
/opt/airflow/dags/scada_pipeline_dag.py                           1           0  0.09s           2026-03-26T15:02:09
================================================================================
[2026-03-26T15:03:05.485+0000] {manager.py:878} INFO - 
================================================================================
DAG File Processing Stats

File Path                                PID    Runtime      # DAGs    # Errors  Last Runtime    Last Run
---------------------------------------  -----  ---------  --------  ----------  --------------  -------------------
/opt/airflow/dags/scada_pipeline_dag.py                           1           0  0.10s           2026-03-26T15:02:43
================================================================================
[2026-03-26T15:03:38.986+0000] {manager.py:878} INFO - 
================================================================================
DAG File Processing Stats

File Path                                PID    Runtime      # DAGs    # Errors  Last Runtime    Last Run
---------------------------------------  -----  ---------  --------  ----------  --------------  -------------------
/opt/airflow/dags/scada_pipeline_dag.py                           1           0  0.10s           2026-03-26T15:03:16
================================================================================
[2026-03-26T15:04:11.533+0000] {manager.py:737} INFO - Searching for files in /opt/airflow/dags
[2026-03-26T15:04:11.534+0000] {manager.py:740} INFO - There are 1 files in /opt/airflow/dags
[2026-03-26T15:04:12.547+0000] {manager.py:878} INFO - 
================================================================================
DAG File Processing Stats

File Path                                PID    Runtime      # DAGs    # Errors  Last Runtime    Last Run
---------------------------------------  -----  ---------  --------  ----------  --------------  -------------------
/opt/airflow/dags/scada_pipeline_dag.py                           1           0  0.09s           2026-03-26T15:03:50
================================================================================
[2026-03-26T15:04:46.020+0000] {manager.py:878} INFO - 
================================================================================
DAG File Processing Stats

File Path                                PID    Runtime      # DAGs    # Errors  Last Runtime    Last Run
---------------------------------------  -----  ---------  --------  ----------  --------------  -------------------
/opt/airflow/dags/scada_pipeline_dag.py                           1           0  0.08s           2026-03-26T15:04:23
================================================================================
[2026-03-26T15:05:19.796+0000] {manager.py:878} INFO - 
================================================================================
DAG File Processing Stats

File Path                                PID    Runtime      # DAGs    # Errors  Last Runtime    Last Run
---------------------------------------  -----  ---------  --------  ----------  --------------  -------------------
/opt/airflow/dags/scada_pipeline_dag.py                           1           0  0.20s           2026-03-26T15:05:18
================================================================================
[2026-03-26T15:05:53.399+0000] {manager.py:878} INFO - 
================================================================================
DAG File Processing Stats

File Path                                PID    Runtime      # DAGs    # Errors  Last Runtime    Last Run
---------------------------------------  -----  ---------  --------  ----------  --------------  -------------------
/opt/airflow/dags/scada_pipeline_dag.py                           1           0  0.19s           2026-03-26T15:05:49
================================================================================
[2026-03-26T15:06:27.055+0000] {manager.py:878} INFO - 
================================================================================
DAG File Processing Stats

File Path                                PID    Runtime      # DAGs    # Errors  Last Runtime    Last Run
---------------------------------------  -----  ---------  --------  ----------  --------------  -------------------
/opt/airflow/dags/scada_pipeline_dag.py                           1           0  0.34s           2026-03-26T15:06:20
================================================================================
[2026-03-26T15:07:00.810+0000] {manager.py:878} INFO - 
================================================================================
DAG File Processing Stats

File Path                                PID    Runtime      # DAGs    # Errors  Last Runtime    Last Run
---------------------------------------  -----  ---------  --------  ----------  --------------  -------------------
/opt/airflow/dags/scada_pipeline_dag.py                           1           0  0.44s           2026-03-26T15:06:50
================================================================================
[2026-03-26T15:07:34.296+0000] {manager.py:878} INFO - 
================================================================================
DAG File Processing Stats

File Path                                PID    Runtime      # DAGs    # Errors  Last Runtime    Last Run
---------------------------------------  -----  ---------  --------  ----------  --------------  -------------------
/opt/airflow/dags/scada_pipeline_dag.py                           1           0  0.15s           2026-03-26T15:07:21
================================================================================
[2026-03-26T15:08:07.794+0000] {manager.py:878} INFO - 
================================================================================
DAG File Processing Stats

File Path                                PID    Runtime      # DAGs    # Errors  Last Runtime    Last Run
---------------------------------------  -----  ---------  --------  ----------  --------------  -------------------
/opt/airflow/dags/scada_pipeline_dag.py                           1           0  0.09s           2026-03-26T15:07:51
================================================================================
[2026-03-26T15:08:41.317+0000] {manager.py:878} INFO - 
================================================================================
DAG File Processing Stats

File Path                                PID    Runtime      # DAGs    # Errors  Last Runtime    Last Run
---------------------------------------  -----  ---------  --------  ----------  --------------  -------------------
/opt/airflow/dags/scada_pipeline_dag.py                           1           0  0.09s           2026-03-26T15:08:22
================================================================================
[2026-03-26T15:09:11.788+0000] {manager.py:737} INFO - Searching for files in /opt/airflow/dags
[2026-03-26T15:09:11.789+0000] {manager.py:740} INFO - There are 1 files in /opt/airflow/dags
[2026-03-26T15:09:14.814+0000] {manager.py:878} INFO - 
================================================================================
DAG File Processing Stats

File Path                                PID    Runtime      # DAGs    # Errors  Last Runtime    Last Run
---------------------------------------  -----  ---------  --------  ----------  --------------  -------------------
/opt/airflow/dags/scada_pipeline_dag.py                           1           0  0.07s           2026-03-26T15:08:52
================================================================================
[2026-03-26T15:09:48.328+0000] {manager.py:878} INFO - 
================================================================================
DAG File Processing Stats

File Path                                PID    Runtime      # DAGs    # Errors  Last Runtime    Last Run
---------------------------------------  -----  ---------  --------  ----------  --------------  -------------------
/opt/airflow/dags/scada_pipeline_dag.py                           1           0  0.10s           2026-03-26T15:09:23
================================================================================
[2026-03-26T15:10:21.866+0000] {manager.py:878} INFO - 
================================================================================
DAG File Processing Stats

File Path                                PID    Runtime      # DAGs    # Errors  Last Runtime    Last Run
---------------------------------------  -----  ---------  --------  ----------  --------------  -------------------
/opt/airflow/dags/scada_pipeline_dag.py                           1           0  0.12s           2026-03-26T15:09:56
================================================================================
[2026-03-26T15:10:55.370+0000] {manager.py:878} INFO - 
================================================================================
DAG File Processing Stats

File Path                                PID    Runtime      # DAGs    # Errors  Last Runtime    Last Run
---------------------------------------  -----  ---------  --------  ----------  --------------  -------------------
/opt/airflow/dags/scada_pipeline_dag.py                           1           0  0.09s           2026-03-26T15:10:30
================================================================================
[2026-03-26T15:11:29.059+0000] {manager.py:878} INFO - 
================================================================================
DAG File Processing Stats

File Path                                PID    Runtime      # DAGs    # Errors  Last Runtime    Last Run
---------------------------------------  -----  ---------  --------  ----------  --------------  -------------------
/opt/airflow/dags/scada_pipeline_dag.py                           1           0  0.11s           2026-03-26T15:11:08
================================================================================
[2026-03-26T15:12:02.546+0000] {manager.py:878} INFO - 
================================================================================
DAG File Processing Stats

File Path                                PID    Runtime      # DAGs    # Errors  Last Runtime    Last Run
---------------------------------------  -----  ---------  --------  ----------  --------------  -------------------
/opt/airflow/dags/scada_pipeline_dag.py                           1           0  0.10s           2026-03-26T15:11:39
================================================================================
[2026-03-26T15:12:36.103+0000] {manager.py:878} INFO - 
================================================================================
DAG File Processing Stats

File Path                                PID    Runtime      # DAGs    # Errors  Last Runtime    Last Run
---------------------------------------  -----  ---------  --------  ----------  --------------  -------------------
/opt/airflow/dags/scada_pipeline_dag.py                           1           0  0.09s           2026-03-26T15:12:10
================================================================================
[2026-03-26T15:13:09.651+0000] {manager.py:878} INFO - 
================================================================================
DAG File Processing Stats

File Path                                PID    Runtime      # DAGs    # Errors  Last Runtime    Last Run
---------------------------------------  -----  ---------  --------  ----------  --------------  -------------------
/opt/airflow/dags/scada_pipeline_dag.py                           1           0  0.11s           2026-03-26T15:12:43
================================================================================
[2026-03-26T15:13:43.137+0000] {manager.py:878} INFO - 
================================================================================
DAG File Processing Stats

File Path                                PID    Runtime      # DAGs    # Errors  Last Runtime    Last Run
---------------------------------------  -----  ---------  --------  ----------  --------------  -------------------
/opt/airflow/dags/scada_pipeline_dag.py                           1           0  0.11s           2026-03-26T15:13:17
================================================================================
[2026-03-26T15:14:12.661+0000] {manager.py:737} INFO - Searching for files in /opt/airflow/dags
[2026-03-26T15:14:12.662+0000] {manager.py:740} INFO - There are 1 files in /opt/airflow/dags
[2026-03-26T15:14:16.696+0000] {manager.py:878} INFO - 
================================================================================
DAG File Processing Stats

File Path                                PID    Runtime      # DAGs    # Errors  Last Runtime    Last Run
---------------------------------------  -----  ---------  --------  ----------  --------------  -------------------
/opt/airflow/dags/scada_pipeline_dag.py                           1           0  0.11s           2026-03-26T15:13:50
================================================================================
[2026-03-26T15:14:50.200+0000] {manager.py:878} INFO - 
================================================================================
DAG File Processing Stats

File Path                                PID    Runtime      # DAGs    # Errors  Last Runtime    Last Run
---------------------------------------  -----  ---------  --------  ----------  --------------  -------------------
/opt/airflow/dags/scada_pipeline_dag.py                           1           0  0.09s           2026-03-26T15:14:24
================================================================================
