[2026-03-26T14:54:10.504+0000] {processor.py:161} INFO - Started process (PID=167) to work on /opt/airflow/dags/scada_pipeline_dag.py
[2026-03-26T14:54:10.505+0000] {processor.py:830} INFO - Processing file /opt/airflow/dags/scada_pipeline_dag.py for tasks to queue
[2026-03-26T14:54:10.506+0000] {logging_mixin.py:188} INFO - [2026-03-26T14:54:10.506+0000] {dagbag.py:545} INFO - Filling up the DagBag from /opt/airflow/dags/scada_pipeline_dag.py
[2026-03-26T14:54:10.528+0000] {processor.py:840} INFO - DAG(s) 'scada_pipeline' retrieved from /opt/airflow/dags/scada_pipeline_dag.py
[2026-03-26T14:54:10.563+0000] {logging_mixin.py:188} INFO - [2026-03-26T14:54:10.563+0000] {dag.py:3089} INFO - Sync 1 DAGs
[2026-03-26T14:54:10.578+0000] {logging_mixin.py:188} INFO - [2026-03-26T14:54:10.578+0000] {dag.py:3947} INFO - Setting next_dagrun for scada_pipeline to None, run_after=None
[2026-03-26T14:54:10.611+0000] {processor.py:183} INFO - Processing /opt/airflow/dags/scada_pipeline_dag.py took 0.113 seconds
[2026-03-26T14:54:41.406+0000] {processor.py:161} INFO - Started process (PID=173) to work on /opt/airflow/dags/scada_pipeline_dag.py
[2026-03-26T14:54:41.408+0000] {processor.py:830} INFO - Processing file /opt/airflow/dags/scada_pipeline_dag.py for tasks to queue
[2026-03-26T14:54:41.410+0000] {logging_mixin.py:188} INFO - [2026-03-26T14:54:41.410+0000] {dagbag.py:545} INFO - Filling up the DagBag from /opt/airflow/dags/scada_pipeline_dag.py
[2026-03-26T14:54:41.418+0000] {processor.py:840} INFO - DAG(s) 'scada_pipeline' retrieved from /opt/airflow/dags/scada_pipeline_dag.py
[2026-03-26T14:54:41.601+0000] {logging_mixin.py:188} INFO - [2026-03-26T14:54:41.601+0000] {dag.py:3089} INFO - Sync 1 DAGs
[2026-03-26T14:54:41.607+0000] {logging_mixin.py:188} INFO - [2026-03-26T14:54:41.607+0000] {dag.py:3947} INFO - Setting next_dagrun for scada_pipeline to None, run_after=None
[2026-03-26T14:54:41.624+0000] {processor.py:183} INFO - Processing /opt/airflow/dags/scada_pipeline_dag.py took 0.228 seconds
[2026-03-26T14:55:12.352+0000] {processor.py:161} INFO - Started process (PID=246) to work on /opt/airflow/dags/scada_pipeline_dag.py
[2026-03-26T14:55:12.354+0000] {processor.py:830} INFO - Processing file /opt/airflow/dags/scada_pipeline_dag.py for tasks to queue
[2026-03-26T14:55:12.357+0000] {logging_mixin.py:188} INFO - [2026-03-26T14:55:12.356+0000] {dagbag.py:545} INFO - Filling up the DagBag from /opt/airflow/dags/scada_pipeline_dag.py
[2026-03-26T14:55:12.382+0000] {processor.py:840} INFO - DAG(s) 'scada_pipeline' retrieved from /opt/airflow/dags/scada_pipeline_dag.py
[2026-03-26T14:55:12.435+0000] {logging_mixin.py:188} INFO - [2026-03-26T14:55:12.434+0000] {dag.py:3089} INFO - Sync 1 DAGs
[2026-03-26T14:55:12.450+0000] {logging_mixin.py:188} INFO - [2026-03-26T14:55:12.450+0000] {dag.py:3947} INFO - Setting next_dagrun for scada_pipeline to None, run_after=None
[2026-03-26T14:55:12.482+0000] {processor.py:183} INFO - Processing /opt/airflow/dags/scada_pipeline_dag.py took 0.143 seconds
[2026-03-26T14:55:42.626+0000] {processor.py:161} INFO - Started process (PID=268) to work on /opt/airflow/dags/scada_pipeline_dag.py
[2026-03-26T14:55:42.635+0000] {processor.py:830} INFO - Processing file /opt/airflow/dags/scada_pipeline_dag.py for tasks to queue
[2026-03-26T14:55:42.639+0000] {logging_mixin.py:188} INFO - [2026-03-26T14:55:42.638+0000] {dagbag.py:545} INFO - Filling up the DagBag from /opt/airflow/dags/scada_pipeline_dag.py
[2026-03-26T14:55:42.662+0000] {processor.py:840} INFO - DAG(s) 'scada_pipeline' retrieved from /opt/airflow/dags/scada_pipeline_dag.py
[2026-03-26T14:55:42.731+0000] {logging_mixin.py:188} INFO - [2026-03-26T14:55:42.730+0000] {dag.py:3089} INFO - Sync 1 DAGs
[2026-03-26T14:55:42.753+0000] {logging_mixin.py:188} INFO - [2026-03-26T14:55:42.752+0000] {dag.py:3947} INFO - Setting next_dagrun for scada_pipeline to None, run_after=None
[2026-03-26T14:55:42.801+0000] {processor.py:183} INFO - Processing /opt/airflow/dags/scada_pipeline_dag.py took 0.191 seconds
[2026-03-26T14:56:13.104+0000] {processor.py:161} INFO - Started process (PID=273) to work on /opt/airflow/dags/scada_pipeline_dag.py
[2026-03-26T14:56:13.105+0000] {processor.py:830} INFO - Processing file /opt/airflow/dags/scada_pipeline_dag.py for tasks to queue
[2026-03-26T14:56:13.108+0000] {logging_mixin.py:188} INFO - [2026-03-26T14:56:13.107+0000] {dagbag.py:545} INFO - Filling up the DagBag from /opt/airflow/dags/scada_pipeline_dag.py
[2026-03-26T14:56:13.120+0000] {processor.py:840} INFO - DAG(s) 'scada_pipeline' retrieved from /opt/airflow/dags/scada_pipeline_dag.py
[2026-03-26T14:56:13.163+0000] {logging_mixin.py:188} INFO - [2026-03-26T14:56:13.163+0000] {dag.py:3089} INFO - Sync 1 DAGs
[2026-03-26T14:56:13.177+0000] {logging_mixin.py:188} INFO - [2026-03-26T14:56:13.176+0000] {dag.py:3947} INFO - Setting next_dagrun for scada_pipeline to None, run_after=None
[2026-03-26T14:56:13.203+0000] {processor.py:183} INFO - Processing /opt/airflow/dags/scada_pipeline_dag.py took 0.108 seconds
[2026-03-26T14:56:43.582+0000] {processor.py:161} INFO - Started process (PID=278) to work on /opt/airflow/dags/scada_pipeline_dag.py
[2026-03-26T14:56:43.585+0000] {processor.py:830} INFO - Processing file /opt/airflow/dags/scada_pipeline_dag.py for tasks to queue
[2026-03-26T14:56:43.589+0000] {logging_mixin.py:188} INFO - [2026-03-26T14:56:43.589+0000] {dagbag.py:545} INFO - Filling up the DagBag from /opt/airflow/dags/scada_pipeline_dag.py
[2026-03-26T14:56:43.604+0000] {processor.py:840} INFO - DAG(s) 'scada_pipeline' retrieved from /opt/airflow/dags/scada_pipeline_dag.py
[2026-03-26T14:56:43.672+0000] {logging_mixin.py:188} INFO - [2026-03-26T14:56:43.672+0000] {dag.py:3089} INFO - Sync 1 DAGs
[2026-03-26T14:56:43.695+0000] {logging_mixin.py:188} INFO - [2026-03-26T14:56:43.695+0000] {dag.py:3947} INFO - Setting next_dagrun for scada_pipeline to None, run_after=None
[2026-03-26T14:56:43.732+0000] {processor.py:183} INFO - Processing /opt/airflow/dags/scada_pipeline_dag.py took 0.159 seconds
[2026-03-26T14:57:14.152+0000] {processor.py:161} INFO - Started process (PID=283) to work on /opt/airflow/dags/scada_pipeline_dag.py
[2026-03-26T14:57:14.153+0000] {processor.py:830} INFO - Processing file /opt/airflow/dags/scada_pipeline_dag.py for tasks to queue
[2026-03-26T14:57:14.156+0000] {logging_mixin.py:188} INFO - [2026-03-26T14:57:14.156+0000] {dagbag.py:545} INFO - Filling up the DagBag from /opt/airflow/dags/scada_pipeline_dag.py
[2026-03-26T14:57:14.166+0000] {processor.py:840} INFO - DAG(s) 'scada_pipeline' retrieved from /opt/airflow/dags/scada_pipeline_dag.py
[2026-03-26T14:57:14.202+0000] {logging_mixin.py:188} INFO - [2026-03-26T14:57:14.202+0000] {dag.py:3089} INFO - Sync 1 DAGs
[2026-03-26T14:57:14.217+0000] {logging_mixin.py:188} INFO - [2026-03-26T14:57:14.217+0000] {dag.py:3947} INFO - Setting next_dagrun for scada_pipeline to None, run_after=None
[2026-03-26T14:57:14.241+0000] {processor.py:183} INFO - Processing /opt/airflow/dags/scada_pipeline_dag.py took 0.097 seconds
[2026-03-26T14:57:44.666+0000] {processor.py:161} INFO - Started process (PID=288) to work on /opt/airflow/dags/scada_pipeline_dag.py
[2026-03-26T14:57:44.668+0000] {processor.py:830} INFO - Processing file /opt/airflow/dags/scada_pipeline_dag.py for tasks to queue
[2026-03-26T14:57:44.669+0000] {logging_mixin.py:188} INFO - [2026-03-26T14:57:44.669+0000] {dagbag.py:545} INFO - Filling up the DagBag from /opt/airflow/dags/scada_pipeline_dag.py
[2026-03-26T14:57:44.677+0000] {processor.py:840} INFO - DAG(s) 'scada_pipeline' retrieved from /opt/airflow/dags/scada_pipeline_dag.py
[2026-03-26T14:57:44.702+0000] {logging_mixin.py:188} INFO - [2026-03-26T14:57:44.701+0000] {dag.py:3089} INFO - Sync 1 DAGs
[2026-03-26T14:57:44.710+0000] {logging_mixin.py:188} INFO - [2026-03-26T14:57:44.710+0000] {dag.py:3947} INFO - Setting next_dagrun for scada_pipeline to None, run_after=None
[2026-03-26T14:57:44.726+0000] {processor.py:183} INFO - Processing /opt/airflow/dags/scada_pipeline_dag.py took 0.065 seconds
[2026-03-26T14:58:17.165+0000] {processor.py:161} INFO - Started process (PID=293) to work on /opt/airflow/dags/scada_pipeline_dag.py
[2026-03-26T14:58:17.168+0000] {processor.py:830} INFO - Processing file /opt/airflow/dags/scada_pipeline_dag.py for tasks to queue
[2026-03-26T14:58:17.170+0000] {logging_mixin.py:188} INFO - [2026-03-26T14:58:17.170+0000] {dagbag.py:545} INFO - Filling up the DagBag from /opt/airflow/dags/scada_pipeline_dag.py
[2026-03-26T14:58:17.179+0000] {processor.py:840} INFO - DAG(s) 'scada_pipeline' retrieved from /opt/airflow/dags/scada_pipeline_dag.py
[2026-03-26T14:58:17.206+0000] {logging_mixin.py:188} INFO - [2026-03-26T14:58:17.205+0000] {dag.py:3089} INFO - Sync 1 DAGs
[2026-03-26T14:58:17.216+0000] {logging_mixin.py:188} INFO - [2026-03-26T14:58:17.215+0000] {dag.py:3947} INFO - Setting next_dagrun for scada_pipeline to None, run_after=None
[2026-03-26T14:58:17.234+0000] {processor.py:183} INFO - Processing /opt/airflow/dags/scada_pipeline_dag.py took 0.074 seconds
[2026-03-26T14:58:50.669+0000] {processor.py:161} INFO - Started process (PID=298) to work on /opt/airflow/dags/scada_pipeline_dag.py
[2026-03-26T14:58:50.672+0000] {processor.py:830} INFO - Processing file /opt/airflow/dags/scada_pipeline_dag.py for tasks to queue
[2026-03-26T14:58:50.675+0000] {logging_mixin.py:188} INFO - [2026-03-26T14:58:50.674+0000] {dagbag.py:545} INFO - Filling up the DagBag from /opt/airflow/dags/scada_pipeline_dag.py
[2026-03-26T14:58:50.695+0000] {processor.py:840} INFO - DAG(s) 'scada_pipeline' retrieved from /opt/airflow/dags/scada_pipeline_dag.py
[2026-03-26T14:58:50.743+0000] {logging_mixin.py:188} INFO - [2026-03-26T14:58:50.743+0000] {dag.py:3089} INFO - Sync 1 DAGs
[2026-03-26T14:58:50.766+0000] {logging_mixin.py:188} INFO - [2026-03-26T14:58:50.766+0000] {dag.py:3947} INFO - Setting next_dagrun for scada_pipeline to None, run_after=None
[2026-03-26T14:58:50.821+0000] {processor.py:183} INFO - Processing /opt/airflow/dags/scada_pipeline_dag.py took 0.161 seconds
[2026-03-26T14:59:23.198+0000] {processor.py:161} INFO - Started process (PID=303) to work on /opt/airflow/dags/scada_pipeline_dag.py
[2026-03-26T14:59:23.199+0000] {processor.py:830} INFO - Processing file /opt/airflow/dags/scada_pipeline_dag.py for tasks to queue
[2026-03-26T14:59:23.201+0000] {logging_mixin.py:188} INFO - [2026-03-26T14:59:23.200+0000] {dagbag.py:545} INFO - Filling up the DagBag from /opt/airflow/dags/scada_pipeline_dag.py
[2026-03-26T14:59:23.209+0000] {processor.py:840} INFO - DAG(s) 'scada_pipeline' retrieved from /opt/airflow/dags/scada_pipeline_dag.py
[2026-03-26T14:59:23.238+0000] {logging_mixin.py:188} INFO - [2026-03-26T14:59:23.238+0000] {dag.py:3089} INFO - Sync 1 DAGs
[2026-03-26T14:59:23.248+0000] {logging_mixin.py:188} INFO - [2026-03-26T14:59:23.248+0000] {dag.py:3947} INFO - Setting next_dagrun for scada_pipeline to None, run_after=None
[2026-03-26T14:59:23.269+0000] {processor.py:183} INFO - Processing /opt/airflow/dags/scada_pipeline_dag.py took 0.077 seconds
[2026-03-26T14:59:56.689+0000] {processor.py:161} INFO - Started process (PID=308) to work on /opt/airflow/dags/scada_pipeline_dag.py
[2026-03-26T14:59:56.694+0000] {processor.py:830} INFO - Processing file /opt/airflow/dags/scada_pipeline_dag.py for tasks to queue
[2026-03-26T14:59:56.697+0000] {logging_mixin.py:188} INFO - [2026-03-26T14:59:56.696+0000] {dagbag.py:545} INFO - Filling up the DagBag from /opt/airflow/dags/scada_pipeline_dag.py
[2026-03-26T14:59:56.708+0000] {processor.py:840} INFO - DAG(s) 'scada_pipeline' retrieved from /opt/airflow/dags/scada_pipeline_dag.py
[2026-03-26T14:59:56.752+0000] {logging_mixin.py:188} INFO - [2026-03-26T14:59:56.752+0000] {dag.py:3089} INFO - Sync 1 DAGs
[2026-03-26T14:59:56.771+0000] {logging_mixin.py:188} INFO - [2026-03-26T14:59:56.771+0000] {dag.py:3947} INFO - Setting next_dagrun for scada_pipeline to None, run_after=None
[2026-03-26T14:59:56.811+0000] {processor.py:183} INFO - Processing /opt/airflow/dags/scada_pipeline_dag.py took 0.132 seconds
[2026-03-26T15:00:30.252+0000] {processor.py:161} INFO - Started process (PID=313) to work on /opt/airflow/dags/scada_pipeline_dag.py
[2026-03-26T15:00:30.254+0000] {processor.py:830} INFO - Processing file /opt/airflow/dags/scada_pipeline_dag.py for tasks to queue
[2026-03-26T15:00:30.258+0000] {logging_mixin.py:188} INFO - [2026-03-26T15:00:30.257+0000] {dagbag.py:545} INFO - Filling up the DagBag from /opt/airflow/dags/scada_pipeline_dag.py
[2026-03-26T15:00:30.303+0000] {processor.py:840} INFO - DAG(s) 'scada_pipeline' retrieved from /opt/airflow/dags/scada_pipeline_dag.py
[2026-03-26T15:00:30.415+0000] {logging_mixin.py:188} INFO - [2026-03-26T15:00:30.414+0000] {dag.py:3089} INFO - Sync 1 DAGs
[2026-03-26T15:00:30.465+0000] {logging_mixin.py:188} INFO - [2026-03-26T15:00:30.465+0000] {dag.py:3947} INFO - Setting next_dagrun for scada_pipeline to None, run_after=None
[2026-03-26T15:00:30.512+0000] {processor.py:183} INFO - Processing /opt/airflow/dags/scada_pipeline_dag.py took 0.271 seconds
[2026-03-26T15:01:03.795+0000] {processor.py:161} INFO - Started process (PID=350) to work on /opt/airflow/dags/scada_pipeline_dag.py
[2026-03-26T15:01:03.797+0000] {processor.py:830} INFO - Processing file /opt/airflow/dags/scada_pipeline_dag.py for tasks to queue
[2026-03-26T15:01:03.799+0000] {logging_mixin.py:188} INFO - [2026-03-26T15:01:03.798+0000] {dagbag.py:545} INFO - Filling up the DagBag from /opt/airflow/dags/scada_pipeline_dag.py
[2026-03-26T15:01:03.810+0000] {processor.py:840} INFO - DAG(s) 'scada_pipeline' retrieved from /opt/airflow/dags/scada_pipeline_dag.py
[2026-03-26T15:01:03.849+0000] {logging_mixin.py:188} INFO - [2026-03-26T15:01:03.849+0000] {dag.py:3089} INFO - Sync 1 DAGs
[2026-03-26T15:01:03.860+0000] {logging_mixin.py:188} INFO - [2026-03-26T15:01:03.859+0000] {dag.py:3947} INFO - Setting next_dagrun for scada_pipeline to None, run_after=None
[2026-03-26T15:01:03.884+0000] {processor.py:183} INFO - Processing /opt/airflow/dags/scada_pipeline_dag.py took 0.094 seconds
[2026-03-26T15:01:37.300+0000] {processor.py:161} INFO - Started process (PID=355) to work on /opt/airflow/dags/scada_pipeline_dag.py
[2026-03-26T15:01:37.301+0000] {processor.py:830} INFO - Processing file /opt/airflow/dags/scada_pipeline_dag.py for tasks to queue
[2026-03-26T15:01:37.302+0000] {logging_mixin.py:188} INFO - [2026-03-26T15:01:37.302+0000] {dagbag.py:545} INFO - Filling up the DagBag from /opt/airflow/dags/scada_pipeline_dag.py
[2026-03-26T15:01:37.309+0000] {processor.py:840} INFO - DAG(s) 'scada_pipeline' retrieved from /opt/airflow/dags/scada_pipeline_dag.py
[2026-03-26T15:01:37.335+0000] {logging_mixin.py:188} INFO - [2026-03-26T15:01:37.335+0000] {dag.py:3089} INFO - Sync 1 DAGs
[2026-03-26T15:01:37.346+0000] {logging_mixin.py:188} INFO - [2026-03-26T15:01:37.346+0000] {dag.py:3947} INFO - Setting next_dagrun for scada_pipeline to None, run_after=None
[2026-03-26T15:01:37.373+0000] {processor.py:183} INFO - Processing /opt/airflow/dags/scada_pipeline_dag.py took 0.078 seconds
[2026-03-26T15:02:09.855+0000] {processor.py:161} INFO - Started process (PID=360) to work on /opt/airflow/dags/scada_pipeline_dag.py
[2026-03-26T15:02:09.857+0000] {processor.py:830} INFO - Processing file /opt/airflow/dags/scada_pipeline_dag.py for tasks to queue
[2026-03-26T15:02:09.859+0000] {logging_mixin.py:188} INFO - [2026-03-26T15:02:09.858+0000] {dagbag.py:545} INFO - Filling up the DagBag from /opt/airflow/dags/scada_pipeline_dag.py
[2026-03-26T15:02:09.866+0000] {processor.py:840} INFO - DAG(s) 'scada_pipeline' retrieved from /opt/airflow/dags/scada_pipeline_dag.py
[2026-03-26T15:02:09.893+0000] {logging_mixin.py:188} INFO - [2026-03-26T15:02:09.893+0000] {dag.py:3089} INFO - Sync 1 DAGs
[2026-03-26T15:02:09.904+0000] {logging_mixin.py:188} INFO - [2026-03-26T15:02:09.904+0000] {dag.py:3947} INFO - Setting next_dagrun for scada_pipeline to None, run_after=None
[2026-03-26T15:02:09.925+0000] {processor.py:183} INFO - Processing /opt/airflow/dags/scada_pipeline_dag.py took 0.074 seconds
[2026-03-26T15:02:43.341+0000] {processor.py:161} INFO - Started process (PID=365) to work on /opt/airflow/dags/scada_pipeline_dag.py
[2026-03-26T15:02:43.342+0000] {processor.py:830} INFO - Processing file /opt/airflow/dags/scada_pipeline_dag.py for tasks to queue
[2026-03-26T15:02:43.345+0000] {logging_mixin.py:188} INFO - [2026-03-26T15:02:43.345+0000] {dagbag.py:545} INFO - Filling up the DagBag from /opt/airflow/dags/scada_pipeline_dag.py
[2026-03-26T15:02:43.353+0000] {processor.py:840} INFO - DAG(s) 'scada_pipeline' retrieved from /opt/airflow/dags/scada_pipeline_dag.py
[2026-03-26T15:02:43.382+0000] {logging_mixin.py:188} INFO - [2026-03-26T15:02:43.382+0000] {dag.py:3089} INFO - Sync 1 DAGs
[2026-03-26T15:02:43.394+0000] {logging_mixin.py:188} INFO - [2026-03-26T15:02:43.394+0000] {dag.py:3947} INFO - Setting next_dagrun for scada_pipeline to None, run_after=None
[2026-03-26T15:02:43.414+0000] {processor.py:183} INFO - Processing /opt/airflow/dags/scada_pipeline_dag.py took 0.080 seconds
[2026-03-26T15:03:16.874+0000] {processor.py:161} INFO - Started process (PID=370) to work on /opt/airflow/dags/scada_pipeline_dag.py
[2026-03-26T15:03:16.876+0000] {processor.py:830} INFO - Processing file /opt/airflow/dags/scada_pipeline_dag.py for tasks to queue
[2026-03-26T15:03:16.878+0000] {logging_mixin.py:188} INFO - [2026-03-26T15:03:16.877+0000] {dagbag.py:545} INFO - Filling up the DagBag from /opt/airflow/dags/scada_pipeline_dag.py
[2026-03-26T15:03:16.885+0000] {processor.py:840} INFO - DAG(s) 'scada_pipeline' retrieved from /opt/airflow/dags/scada_pipeline_dag.py
[2026-03-26T15:03:16.916+0000] {logging_mixin.py:188} INFO - [2026-03-26T15:03:16.915+0000] {dag.py:3089} INFO - Sync 1 DAGs
[2026-03-26T15:03:16.927+0000] {logging_mixin.py:188} INFO - [2026-03-26T15:03:16.927+0000] {dag.py:3947} INFO - Setting next_dagrun for scada_pipeline to None, run_after=None
[2026-03-26T15:03:16.949+0000] {processor.py:183} INFO - Processing /opt/airflow/dags/scada_pipeline_dag.py took 0.080 seconds
[2026-03-26T15:03:50.369+0000] {processor.py:161} INFO - Started process (PID=375) to work on /opt/airflow/dags/scada_pipeline_dag.py
[2026-03-26T15:03:50.370+0000] {processor.py:830} INFO - Processing file /opt/airflow/dags/scada_pipeline_dag.py for tasks to queue
[2026-03-26T15:03:50.371+0000] {logging_mixin.py:188} INFO - [2026-03-26T15:03:50.371+0000] {dagbag.py:545} INFO - Filling up the DagBag from /opt/airflow/dags/scada_pipeline_dag.py
[2026-03-26T15:03:50.380+0000] {processor.py:840} INFO - DAG(s) 'scada_pipeline' retrieved from /opt/airflow/dags/scada_pipeline_dag.py
[2026-03-26T15:03:50.407+0000] {logging_mixin.py:188} INFO - [2026-03-26T15:03:50.407+0000] {dag.py:3089} INFO - Sync 1 DAGs
[2026-03-26T15:03:50.418+0000] {logging_mixin.py:188} INFO - [2026-03-26T15:03:50.418+0000] {dag.py:3947} INFO - Setting next_dagrun for scada_pipeline to None, run_after=None
[2026-03-26T15:03:50.435+0000] {processor.py:183} INFO - Processing /opt/airflow/dags/scada_pipeline_dag.py took 0.072 seconds
[2026-03-26T15:04:23.926+0000] {processor.py:161} INFO - Started process (PID=380) to work on /opt/airflow/dags/scada_pipeline_dag.py
[2026-03-26T15:04:23.927+0000] {processor.py:830} INFO - Processing file /opt/airflow/dags/scada_pipeline_dag.py for tasks to queue
[2026-03-26T15:04:23.928+0000] {logging_mixin.py:188} INFO - [2026-03-26T15:04:23.928+0000] {dagbag.py:545} INFO - Filling up the DagBag from /opt/airflow/dags/scada_pipeline_dag.py
[2026-03-26T15:04:23.936+0000] {processor.py:840} INFO - DAG(s) 'scada_pipeline' retrieved from /opt/airflow/dags/scada_pipeline_dag.py
[2026-03-26T15:04:23.959+0000] {logging_mixin.py:188} INFO - [2026-03-26T15:04:23.959+0000] {dag.py:3089} INFO - Sync 1 DAGs
[2026-03-26T15:04:23.968+0000] {logging_mixin.py:188} INFO - [2026-03-26T15:04:23.967+0000] {dag.py:3947} INFO - Setting next_dagrun for scada_pipeline to None, run_after=None
[2026-03-26T15:04:23.984+0000] {processor.py:183} INFO - Processing /opt/airflow/dags/scada_pipeline_dag.py took 0.063 seconds
[2026-03-26T15:04:47.046+0000] {processor.py:161} INFO - Started process (PID=385) to work on /opt/airflow/dags/scada_pipeline_dag.py
[2026-03-26T15:04:47.046+0000] {processor.py:830} INFO - Processing file /opt/airflow/dags/scada_pipeline_dag.py for tasks to queue
[2026-03-26T15:04:47.048+0000] {logging_mixin.py:188} INFO - [2026-03-26T15:04:47.047+0000] {dagbag.py:545} INFO - Filling up the DagBag from /opt/airflow/dags/scada_pipeline_dag.py
[2026-03-26T15:04:47.063+0000] {processor.py:840} INFO - DAG(s) 'scada_pipeline' retrieved from /opt/airflow/dags/scada_pipeline_dag.py
[2026-03-26T15:04:47.188+0000] {logging_mixin.py:188} INFO - [2026-03-26T15:04:47.188+0000] {dag.py:3089} INFO - Sync 1 DAGs
[2026-03-26T15:04:47.197+0000] {logging_mixin.py:188} INFO - [2026-03-26T15:04:47.197+0000] {dag.py:3947} INFO - Setting next_dagrun for scada_pipeline to None, run_after=None
[2026-03-26T15:04:47.213+0000] {processor.py:183} INFO - Processing /opt/airflow/dags/scada_pipeline_dag.py took 0.173 seconds
[2026-03-26T15:04:48.105+0000] {processor.py:161} INFO - Started process (PID=390) to work on /opt/airflow/dags/scada_pipeline_dag.py
[2026-03-26T15:04:48.106+0000] {processor.py:830} INFO - Processing file /opt/airflow/dags/scada_pipeline_dag.py for tasks to queue
[2026-03-26T15:04:48.107+0000] {logging_mixin.py:188} INFO - [2026-03-26T15:04:48.107+0000] {dagbag.py:545} INFO - Filling up the DagBag from /opt/airflow/dags/scada_pipeline_dag.py
[2026-03-26T15:04:48.114+0000] {processor.py:840} INFO - DAG(s) 'scada_pipeline' retrieved from /opt/airflow/dags/scada_pipeline_dag.py
[2026-03-26T15:04:48.126+0000] {logging_mixin.py:188} INFO - [2026-03-26T15:04:48.126+0000] {dag.py:3089} INFO - Sync 1 DAGs
[2026-03-26T15:04:48.135+0000] {logging_mixin.py:188} INFO - [2026-03-26T15:04:48.134+0000] {dag.py:3947} INFO - Setting next_dagrun for scada_pipeline to None, run_after=None
[2026-03-26T15:04:48.152+0000] {processor.py:183} INFO - Processing /opt/airflow/dags/scada_pipeline_dag.py took 0.051 seconds
[2026-03-26T15:04:49.118+0000] {processor.py:161} INFO - Started process (PID=395) to work on /opt/airflow/dags/scada_pipeline_dag.py
[2026-03-26T15:04:49.119+0000] {processor.py:830} INFO - Processing file /opt/airflow/dags/scada_pipeline_dag.py for tasks to queue
[2026-03-26T15:04:49.120+0000] {logging_mixin.py:188} INFO - [2026-03-26T15:04:49.120+0000] {dagbag.py:545} INFO - Filling up the DagBag from /opt/airflow/dags/scada_pipeline_dag.py
[2026-03-26T15:04:49.149+0000] {processor.py:840} INFO - DAG(s) 'scada_pipeline' retrieved from /opt/airflow/dags/scada_pipeline_dag.py
[2026-03-26T15:04:49.186+0000] {logging_mixin.py:188} INFO - [2026-03-26T15:04:49.185+0000] {dag.py:3089} INFO - Sync 1 DAGs
[2026-03-26T15:04:49.208+0000] {logging_mixin.py:188} INFO - [2026-03-26T15:04:49.207+0000] {dag.py:3947} INFO - Setting next_dagrun for scada_pipeline to None, run_after=None
[2026-03-26T15:04:49.254+0000] {processor.py:183} INFO - Processing /opt/airflow/dags/scada_pipeline_dag.py took 0.142 seconds
[2026-03-26T15:05:17.655+0000] {processor.py:161} INFO - Started process (PID=400) to work on /opt/airflow/dags/scada_pipeline_dag.py
[2026-03-26T15:05:17.656+0000] {processor.py:830} INFO - Processing file /opt/airflow/dags/scada_pipeline_dag.py for tasks to queue
[2026-03-26T15:05:17.657+0000] {logging_mixin.py:188} INFO - [2026-03-26T15:05:17.657+0000] {dagbag.py:545} INFO - Filling up the DagBag from /opt/airflow/dags/scada_pipeline_dag.py
[2026-03-26T15:05:17.665+0000] {processor.py:840} INFO - DAG(s) 'scada_pipeline' retrieved from /opt/airflow/dags/scada_pipeline_dag.py
[2026-03-26T15:05:17.738+0000] {logging_mixin.py:188} INFO - [2026-03-26T15:05:17.738+0000] {dag.py:3089} INFO - Sync 1 DAGs
[2026-03-26T15:05:17.747+0000] {logging_mixin.py:188} INFO - [2026-03-26T15:05:17.747+0000] {dag.py:3947} INFO - Setting next_dagrun for scada_pipeline to None, run_after=None
[2026-03-26T15:05:17.768+0000] {processor.py:183} INFO - Processing /opt/airflow/dags/scada_pipeline_dag.py took 0.119 seconds
[2026-03-26T15:05:18.737+0000] {processor.py:161} INFO - Started process (PID=405) to work on /opt/airflow/dags/scada_pipeline_dag.py
[2026-03-26T15:05:18.738+0000] {processor.py:830} INFO - Processing file /opt/airflow/dags/scada_pipeline_dag.py for tasks to queue
[2026-03-26T15:05:18.741+0000] {logging_mixin.py:188} INFO - [2026-03-26T15:05:18.741+0000] {dagbag.py:545} INFO - Filling up the DagBag from /opt/airflow/dags/scada_pipeline_dag.py
[2026-03-26T15:05:18.764+0000] {processor.py:840} INFO - DAG(s) 'scada_pipeline' retrieved from /opt/airflow/dags/scada_pipeline_dag.py
[2026-03-26T15:05:18.793+0000] {logging_mixin.py:188} INFO - [2026-03-26T15:05:18.793+0000] {dag.py:3089} INFO - Sync 1 DAGs
[2026-03-26T15:05:18.821+0000] {logging_mixin.py:188} INFO - [2026-03-26T15:05:18.821+0000] {dag.py:3947} INFO - Setting next_dagrun for scada_pipeline to None, run_after=None
[2026-03-26T15:05:18.887+0000] {processor.py:183} INFO - Processing /opt/airflow/dags/scada_pipeline_dag.py took 0.162 seconds
[2026-03-26T15:05:49.322+0000] {processor.py:161} INFO - Started process (PID=410) to work on /opt/airflow/dags/scada_pipeline_dag.py
[2026-03-26T15:05:49.326+0000] {processor.py:830} INFO - Processing file /opt/airflow/dags/scada_pipeline_dag.py for tasks to queue
[2026-03-26T15:05:49.331+0000] {logging_mixin.py:188} INFO - [2026-03-26T15:05:49.331+0000] {dagbag.py:545} INFO - Filling up the DagBag from /opt/airflow/dags/scada_pipeline_dag.py
[2026-03-26T15:05:49.355+0000] {processor.py:840} INFO - DAG(s) 'scada_pipeline' retrieved from /opt/airflow/dags/scada_pipeline_dag.py
[2026-03-26T15:05:49.410+0000] {logging_mixin.py:188} INFO - [2026-03-26T15:05:49.410+0000] {dag.py:3089} INFO - Sync 1 DAGs
[2026-03-26T15:05:49.438+0000] {logging_mixin.py:188} INFO - [2026-03-26T15:05:49.438+0000] {dag.py:3947} INFO - Setting next_dagrun for scada_pipeline to None, run_after=None
[2026-03-26T15:05:49.464+0000] {processor.py:183} INFO - Processing /opt/airflow/dags/scada_pipeline_dag.py took 0.159 seconds
[2026-03-26T15:06:20.020+0000] {processor.py:161} INFO - Started process (PID=415) to work on /opt/airflow/dags/scada_pipeline_dag.py
[2026-03-26T15:06:20.025+0000] {processor.py:830} INFO - Processing file /opt/airflow/dags/scada_pipeline_dag.py for tasks to queue
[2026-03-26T15:06:20.029+0000] {logging_mixin.py:188} INFO - [2026-03-26T15:06:20.027+0000] {dagbag.py:545} INFO - Filling up the DagBag from /opt/airflow/dags/scada_pipeline_dag.py
[2026-03-26T15:06:20.059+0000] {processor.py:840} INFO - DAG(s) 'scada_pipeline' retrieved from /opt/airflow/dags/scada_pipeline_dag.py
[2026-03-26T15:06:20.161+0000] {logging_mixin.py:188} INFO - [2026-03-26T15:06:20.160+0000] {dag.py:3089} INFO - Sync 1 DAGs
[2026-03-26T15:06:20.198+0000] {logging_mixin.py:188} INFO - [2026-03-26T15:06:20.197+0000] {dag.py:3947} INFO - Setting next_dagrun for scada_pipeline to None, run_after=None
[2026-03-26T15:06:20.249+0000] {processor.py:183} INFO - Processing /opt/airflow/dags/scada_pipeline_dag.py took 0.247 seconds
[2026-03-26T15:06:50.627+0000] {processor.py:161} INFO - Started process (PID=420) to work on /opt/airflow/dags/scada_pipeline_dag.py
[2026-03-26T15:06:50.628+0000] {processor.py:830} INFO - Processing file /opt/airflow/dags/scada_pipeline_dag.py for tasks to queue
[2026-03-26T15:06:50.632+0000] {logging_mixin.py:188} INFO - [2026-03-26T15:06:50.630+0000] {dagbag.py:545} INFO - Filling up the DagBag from /opt/airflow/dags/scada_pipeline_dag.py
[2026-03-26T15:06:50.674+0000] {processor.py:840} INFO - DAG(s) 'scada_pipeline' retrieved from /opt/airflow/dags/scada_pipeline_dag.py
[2026-03-26T15:06:50.827+0000] {logging_mixin.py:188} INFO - [2026-03-26T15:06:50.827+0000] {dag.py:3089} INFO - Sync 1 DAGs
[2026-03-26T15:06:50.894+0000] {logging_mixin.py:188} INFO - [2026-03-26T15:06:50.893+0000] {dag.py:3947} INFO - Setting next_dagrun for scada_pipeline to None, run_after=None
[2026-03-26T15:06:50.950+0000] {processor.py:183} INFO - Processing /opt/airflow/dags/scada_pipeline_dag.py took 0.364 seconds
[2026-03-26T15:07:21.246+0000] {processor.py:161} INFO - Started process (PID=425) to work on /opt/airflow/dags/scada_pipeline_dag.py
[2026-03-26T15:07:21.248+0000] {processor.py:830} INFO - Processing file /opt/airflow/dags/scada_pipeline_dag.py for tasks to queue
[2026-03-26T15:07:21.250+0000] {logging_mixin.py:188} INFO - [2026-03-26T15:07:21.250+0000] {dagbag.py:545} INFO - Filling up the DagBag from /opt/airflow/dags/scada_pipeline_dag.py
[2026-03-26T15:07:21.261+0000] {processor.py:840} INFO - DAG(s) 'scada_pipeline' retrieved from /opt/airflow/dags/scada_pipeline_dag.py
[2026-03-26T15:07:21.334+0000] {logging_mixin.py:188} INFO - [2026-03-26T15:07:21.334+0000] {dag.py:3089} INFO - Sync 1 DAGs
[2026-03-26T15:07:21.356+0000] {logging_mixin.py:188} INFO - [2026-03-26T15:07:21.356+0000] {dag.py:3947} INFO - Setting next_dagrun for scada_pipeline to None, run_after=None
[2026-03-26T15:07:21.372+0000] {processor.py:183} INFO - Processing /opt/airflow/dags/scada_pipeline_dag.py took 0.133 seconds
[2026-03-26T15:07:51.721+0000] {processor.py:161} INFO - Started process (PID=430) to work on /opt/airflow/dags/scada_pipeline_dag.py
[2026-03-26T15:07:51.723+0000] {processor.py:830} INFO - Processing file /opt/airflow/dags/scada_pipeline_dag.py for tasks to queue
[2026-03-26T15:07:51.725+0000] {logging_mixin.py:188} INFO - [2026-03-26T15:07:51.724+0000] {dagbag.py:545} INFO - Filling up the DagBag from /opt/airflow/dags/scada_pipeline_dag.py
[2026-03-26T15:07:51.733+0000] {processor.py:840} INFO - DAG(s) 'scada_pipeline' retrieved from /opt/airflow/dags/scada_pipeline_dag.py
[2026-03-26T15:07:51.758+0000] {logging_mixin.py:188} INFO - [2026-03-26T15:07:51.758+0000] {dag.py:3089} INFO - Sync 1 DAGs
[2026-03-26T15:07:51.772+0000] {logging_mixin.py:188} INFO - [2026-03-26T15:07:51.772+0000] {dag.py:3947} INFO - Setting next_dagrun for scada_pipeline to None, run_after=None
[2026-03-26T15:07:51.790+0000] {processor.py:183} INFO - Processing /opt/airflow/dags/scada_pipeline_dag.py took 0.075 seconds
[2026-03-26T15:08:22.188+0000] {processor.py:161} INFO - Started process (PID=481) to work on /opt/airflow/dags/scada_pipeline_dag.py
[2026-03-26T15:08:22.189+0000] {processor.py:830} INFO - Processing file /opt/airflow/dags/scada_pipeline_dag.py for tasks to queue
[2026-03-26T15:08:22.191+0000] {logging_mixin.py:188} INFO - [2026-03-26T15:08:22.191+0000] {dagbag.py:545} INFO - Filling up the DagBag from /opt/airflow/dags/scada_pipeline_dag.py
[2026-03-26T15:08:22.200+0000] {processor.py:840} INFO - DAG(s) 'scada_pipeline' retrieved from /opt/airflow/dags/scada_pipeline_dag.py
[2026-03-26T15:08:22.229+0000] {logging_mixin.py:188} INFO - [2026-03-26T15:08:22.229+0000] {dag.py:3089} INFO - Sync 1 DAGs
[2026-03-26T15:08:22.240+0000] {logging_mixin.py:188} INFO - [2026-03-26T15:08:22.240+0000] {dag.py:3947} INFO - Setting next_dagrun for scada_pipeline to None, run_after=None
[2026-03-26T15:08:22.255+0000] {processor.py:183} INFO - Processing /opt/airflow/dags/scada_pipeline_dag.py took 0.072 seconds
[2026-03-26T15:08:52.710+0000] {processor.py:161} INFO - Started process (PID=538) to work on /opt/airflow/dags/scada_pipeline_dag.py
[2026-03-26T15:08:52.711+0000] {processor.py:830} INFO - Processing file /opt/airflow/dags/scada_pipeline_dag.py for tasks to queue
[2026-03-26T15:08:52.713+0000] {logging_mixin.py:188} INFO - [2026-03-26T15:08:52.712+0000] {dagbag.py:545} INFO - Filling up the DagBag from /opt/airflow/dags/scada_pipeline_dag.py
[2026-03-26T15:08:52.718+0000] {processor.py:840} INFO - DAG(s) 'scada_pipeline' retrieved from /opt/airflow/dags/scada_pipeline_dag.py
[2026-03-26T15:08:52.740+0000] {logging_mixin.py:188} INFO - [2026-03-26T15:08:52.739+0000] {dag.py:3089} INFO - Sync 1 DAGs
[2026-03-26T15:08:52.748+0000] {logging_mixin.py:188} INFO - [2026-03-26T15:08:52.747+0000] {dag.py:3947} INFO - Setting next_dagrun for scada_pipeline to None, run_after=None
[2026-03-26T15:08:52.765+0000] {processor.py:183} INFO - Processing /opt/airflow/dags/scada_pipeline_dag.py took 0.059 seconds
[2026-03-26T15:09:23.228+0000] {processor.py:161} INFO - Started process (PID=543) to work on /opt/airflow/dags/scada_pipeline_dag.py
[2026-03-26T15:09:23.228+0000] {processor.py:830} INFO - Processing file /opt/airflow/dags/scada_pipeline_dag.py for tasks to queue
[2026-03-26T15:09:23.230+0000] {logging_mixin.py:188} INFO - [2026-03-26T15:09:23.230+0000] {dagbag.py:545} INFO - Filling up the DagBag from /opt/airflow/dags/scada_pipeline_dag.py
[2026-03-26T15:09:23.237+0000] {processor.py:840} INFO - DAG(s) 'scada_pipeline' retrieved from /opt/airflow/dags/scada_pipeline_dag.py
[2026-03-26T15:09:23.267+0000] {logging_mixin.py:188} INFO - [2026-03-26T15:09:23.267+0000] {dag.py:3089} INFO - Sync 1 DAGs
[2026-03-26T15:09:23.282+0000] {logging_mixin.py:188} INFO - [2026-03-26T15:09:23.282+0000] {dag.py:3947} INFO - Setting next_dagrun for scada_pipeline to None, run_after=None
[2026-03-26T15:09:23.303+0000] {processor.py:183} INFO - Processing /opt/airflow/dags/scada_pipeline_dag.py took 0.081 seconds
[2026-03-26T15:09:56.706+0000] {processor.py:161} INFO - Started process (PID=548) to work on /opt/airflow/dags/scada_pipeline_dag.py
[2026-03-26T15:09:56.708+0000] {processor.py:830} INFO - Processing file /opt/airflow/dags/scada_pipeline_dag.py for tasks to queue
[2026-03-26T15:09:56.709+0000] {logging_mixin.py:188} INFO - [2026-03-26T15:09:56.709+0000] {dagbag.py:545} INFO - Filling up the DagBag from /opt/airflow/dags/scada_pipeline_dag.py
[2026-03-26T15:09:56.719+0000] {processor.py:840} INFO - DAG(s) 'scada_pipeline' retrieved from /opt/airflow/dags/scada_pipeline_dag.py
[2026-03-26T15:09:56.755+0000] {logging_mixin.py:188} INFO - [2026-03-26T15:09:56.755+0000] {dag.py:3089} INFO - Sync 1 DAGs
[2026-03-26T15:09:56.769+0000] {logging_mixin.py:188} INFO - [2026-03-26T15:09:56.769+0000] {dag.py:3947} INFO - Setting next_dagrun for scada_pipeline to None, run_after=None
[2026-03-26T15:09:56.792+0000] {processor.py:183} INFO - Processing /opt/airflow/dags/scada_pipeline_dag.py took 0.094 seconds
[2026-03-26T15:10:30.238+0000] {processor.py:161} INFO - Started process (PID=553) to work on /opt/airflow/dags/scada_pipeline_dag.py
[2026-03-26T15:10:30.239+0000] {processor.py:830} INFO - Processing file /opt/airflow/dags/scada_pipeline_dag.py for tasks to queue
[2026-03-26T15:10:30.241+0000] {logging_mixin.py:188} INFO - [2026-03-26T15:10:30.240+0000] {dagbag.py:545} INFO - Filling up the DagBag from /opt/airflow/dags/scada_pipeline_dag.py
[2026-03-26T15:10:30.249+0000] {processor.py:840} INFO - DAG(s) 'scada_pipeline' retrieved from /opt/airflow/dags/scada_pipeline_dag.py
[2026-03-26T15:10:30.277+0000] {logging_mixin.py:188} INFO - [2026-03-26T15:10:30.276+0000] {dag.py:3089} INFO - Sync 1 DAGs
[2026-03-26T15:10:30.289+0000] {logging_mixin.py:188} INFO - [2026-03-26T15:10:30.288+0000] {dag.py:3947} INFO - Setting next_dagrun for scada_pipeline to None, run_after=None
[2026-03-26T15:10:30.306+0000] {processor.py:183} INFO - Processing /opt/airflow/dags/scada_pipeline_dag.py took 0.073 seconds
[2026-03-26T15:11:03.747+0000] {processor.py:161} INFO - Started process (PID=558) to work on /opt/airflow/dags/scada_pipeline_dag.py
[2026-03-26T15:11:03.749+0000] {processor.py:830} INFO - Processing file /opt/airflow/dags/scada_pipeline_dag.py for tasks to queue
[2026-03-26T15:11:03.751+0000] {logging_mixin.py:188} INFO - [2026-03-26T15:11:03.750+0000] {dagbag.py:545} INFO - Filling up the DagBag from /opt/airflow/dags/scada_pipeline_dag.py
[2026-03-26T15:11:03.763+0000] {processor.py:840} INFO - DAG(s) 'scada_pipeline' retrieved from /opt/airflow/dags/scada_pipeline_dag.py
[2026-03-26T15:11:03.790+0000] {logging_mixin.py:188} INFO - [2026-03-26T15:11:03.789+0000] {dag.py:3089} INFO - Sync 1 DAGs
[2026-03-26T15:11:03.800+0000] {logging_mixin.py:188} INFO - [2026-03-26T15:11:03.799+0000] {dag.py:3947} INFO - Setting next_dagrun for scada_pipeline to None, run_after=None
[2026-03-26T15:11:03.816+0000] {processor.py:183} INFO - Processing /opt/airflow/dags/scada_pipeline_dag.py took 0.074 seconds
[2026-03-26T15:11:05.791+0000] {processor.py:161} INFO - Started process (PID=563) to work on /opt/airflow/dags/scada_pipeline_dag.py
[2026-03-26T15:11:05.792+0000] {processor.py:830} INFO - Processing file /opt/airflow/dags/scada_pipeline_dag.py for tasks to queue
[2026-03-26T15:11:05.794+0000] {logging_mixin.py:188} INFO - [2026-03-26T15:11:05.794+0000] {dagbag.py:545} INFO - Filling up the DagBag from /opt/airflow/dags/scada_pipeline_dag.py
[2026-03-26T15:11:05.802+0000] {processor.py:840} INFO - DAG(s) 'scada_pipeline' retrieved from /opt/airflow/dags/scada_pipeline_dag.py
[2026-03-26T15:11:05.900+0000] {logging_mixin.py:188} INFO - [2026-03-26T15:11:05.899+0000] {dag.py:3089} INFO - Sync 1 DAGs
[2026-03-26T15:11:05.908+0000] {logging_mixin.py:188} INFO - [2026-03-26T15:11:05.908+0000] {dag.py:3947} INFO - Setting next_dagrun for scada_pipeline to None, run_after=None
[2026-03-26T15:11:05.928+0000] {processor.py:183} INFO - Processing /opt/airflow/dags/scada_pipeline_dag.py took 0.143 seconds
[2026-03-26T15:11:08.868+0000] {processor.py:161} INFO - Started process (PID=568) to work on /opt/airflow/dags/scada_pipeline_dag.py
[2026-03-26T15:11:08.870+0000] {processor.py:830} INFO - Processing file /opt/airflow/dags/scada_pipeline_dag.py for tasks to queue
[2026-03-26T15:11:08.871+0000] {logging_mixin.py:188} INFO - [2026-03-26T15:11:08.871+0000] {dagbag.py:545} INFO - Filling up the DagBag from /opt/airflow/dags/scada_pipeline_dag.py
[2026-03-26T15:11:08.881+0000] {processor.py:840} INFO - DAG(s) 'scada_pipeline' retrieved from /opt/airflow/dags/scada_pipeline_dag.py
[2026-03-26T15:11:08.905+0000] {logging_mixin.py:188} INFO - [2026-03-26T15:11:08.904+0000] {dag.py:3089} INFO - Sync 1 DAGs
[2026-03-26T15:11:08.926+0000] {logging_mixin.py:188} INFO - [2026-03-26T15:11:08.926+0000] {dag.py:3947} INFO - Setting next_dagrun for scada_pipeline to None, run_after=None
[2026-03-26T15:11:08.953+0000] {processor.py:183} INFO - Processing /opt/airflow/dags/scada_pipeline_dag.py took 0.092 seconds
[2026-03-26T15:11:39.440+0000] {processor.py:161} INFO - Started process (PID=668) to work on /opt/airflow/dags/scada_pipeline_dag.py
[2026-03-26T15:11:39.440+0000] {processor.py:830} INFO - Processing file /opt/airflow/dags/scada_pipeline_dag.py for tasks to queue
[2026-03-26T15:11:39.442+0000] {logging_mixin.py:188} INFO - [2026-03-26T15:11:39.442+0000] {dagbag.py:545} INFO - Filling up the DagBag from /opt/airflow/dags/scada_pipeline_dag.py
[2026-03-26T15:11:39.451+0000] {processor.py:840} INFO - DAG(s) 'scada_pipeline' retrieved from /opt/airflow/dags/scada_pipeline_dag.py
[2026-03-26T15:11:39.479+0000] {logging_mixin.py:188} INFO - [2026-03-26T15:11:39.478+0000] {dag.py:3089} INFO - Sync 1 DAGs
[2026-03-26T15:11:39.493+0000] {logging_mixin.py:188} INFO - [2026-03-26T15:11:39.493+0000] {dag.py:3947} INFO - Setting next_dagrun for scada_pipeline to None, run_after=None
[2026-03-26T15:11:39.514+0000] {processor.py:183} INFO - Processing /opt/airflow/dags/scada_pipeline_dag.py took 0.082 seconds
[2026-03-26T15:12:09.996+0000] {processor.py:161} INFO - Started process (PID=722) to work on /opt/airflow/dags/scada_pipeline_dag.py
[2026-03-26T15:12:09.997+0000] {processor.py:830} INFO - Processing file /opt/airflow/dags/scada_pipeline_dag.py for tasks to queue
[2026-03-26T15:12:09.999+0000] {logging_mixin.py:188} INFO - [2026-03-26T15:12:09.999+0000] {dagbag.py:545} INFO - Filling up the DagBag from /opt/airflow/dags/scada_pipeline_dag.py
[2026-03-26T15:12:10.007+0000] {processor.py:840} INFO - DAG(s) 'scada_pipeline' retrieved from /opt/airflow/dags/scada_pipeline_dag.py
[2026-03-26T15:12:10.033+0000] {logging_mixin.py:188} INFO - [2026-03-26T15:12:10.033+0000] {dag.py:3089} INFO - Sync 1 DAGs
[2026-03-26T15:12:10.043+0000] {logging_mixin.py:188} INFO - [2026-03-26T15:12:10.042+0000] {dag.py:3947} INFO - Setting next_dagrun for scada_pipeline to None, run_after=None
[2026-03-26T15:12:10.060+0000] {processor.py:183} INFO - Processing /opt/airflow/dags/scada_pipeline_dag.py took 0.070 seconds
[2026-03-26T15:12:43.479+0000] {processor.py:161} INFO - Started process (PID=727) to work on /opt/airflow/dags/scada_pipeline_dag.py
[2026-03-26T15:12:43.479+0000] {processor.py:830} INFO - Processing file /opt/airflow/dags/scada_pipeline_dag.py for tasks to queue
[2026-03-26T15:12:43.481+0000] {logging_mixin.py:188} INFO - [2026-03-26T15:12:43.480+0000] {dagbag.py:545} INFO - Filling up the DagBag from /opt/airflow/dags/scada_pipeline_dag.py
[2026-03-26T15:12:43.489+0000] {processor.py:840} INFO - DAG(s) 'scada_pipeline' retrieved from /opt/airflow/dags/scada_pipeline_dag.py
[2026-03-26T15:12:43.522+0000] {logging_mixin.py:188} INFO - [2026-03-26T15:12:43.522+0000] {dag.py:3089} INFO - Sync 1 DAGs
[2026-03-26T15:12:43.538+0000] {logging_mixin.py:188} INFO - [2026-03-26T15:12:43.538+0000] {dag.py:3947} INFO - Setting next_dagrun for scada_pipeline to None, run_after=None
[2026-03-26T15:12:43.566+0000] {processor.py:183} INFO - Processing /opt/airflow/dags/scada_pipeline_dag.py took 0.093 seconds
[2026-03-26T15:13:17.018+0000] {processor.py:161} INFO - Started process (PID=732) to work on /opt/airflow/dags/scada_pipeline_dag.py
[2026-03-26T15:13:17.021+0000] {processor.py:830} INFO - Processing file /opt/airflow/dags/scada_pipeline_dag.py for tasks to queue
[2026-03-26T15:13:17.023+0000] {logging_mixin.py:188} INFO - [2026-03-26T15:13:17.022+0000] {dagbag.py:545} INFO - Filling up the DagBag from /opt/airflow/dags/scada_pipeline_dag.py
[2026-03-26T15:13:17.031+0000] {processor.py:840} INFO - DAG(s) 'scada_pipeline' retrieved from /opt/airflow/dags/scada_pipeline_dag.py
[2026-03-26T15:13:17.064+0000] {logging_mixin.py:188} INFO - [2026-03-26T15:13:17.064+0000] {dag.py:3089} INFO - Sync 1 DAGs
[2026-03-26T15:13:17.077+0000] {logging_mixin.py:188} INFO - [2026-03-26T15:13:17.076+0000] {dag.py:3947} INFO - Setting next_dagrun for scada_pipeline to None, run_after=None
[2026-03-26T15:13:17.104+0000] {processor.py:183} INFO - Processing /opt/airflow/dags/scada_pipeline_dag.py took 0.092 seconds
[2026-03-26T15:13:50.502+0000] {processor.py:161} INFO - Started process (PID=737) to work on /opt/airflow/dags/scada_pipeline_dag.py
[2026-03-26T15:13:50.503+0000] {processor.py:830} INFO - Processing file /opt/airflow/dags/scada_pipeline_dag.py for tasks to queue
[2026-03-26T15:13:50.505+0000] {logging_mixin.py:188} INFO - [2026-03-26T15:13:50.504+0000] {dagbag.py:545} INFO - Filling up the DagBag from /opt/airflow/dags/scada_pipeline_dag.py
[2026-03-26T15:13:50.513+0000] {processor.py:840} INFO - DAG(s) 'scada_pipeline' retrieved from /opt/airflow/dags/scada_pipeline_dag.py
[2026-03-26T15:13:50.545+0000] {logging_mixin.py:188} INFO - [2026-03-26T15:13:50.544+0000] {dag.py:3089} INFO - Sync 1 DAGs
[2026-03-26T15:13:50.560+0000] {logging_mixin.py:188} INFO - [2026-03-26T15:13:50.560+0000] {dag.py:3947} INFO - Setting next_dagrun for scada_pipeline to None, run_after=None
[2026-03-26T15:13:50.583+0000] {processor.py:183} INFO - Processing /opt/airflow/dags/scada_pipeline_dag.py took 0.086 seconds
[2026-03-26T15:14:24.070+0000] {processor.py:161} INFO - Started process (PID=742) to work on /opt/airflow/dags/scada_pipeline_dag.py
[2026-03-26T15:14:24.072+0000] {processor.py:830} INFO - Processing file /opt/airflow/dags/scada_pipeline_dag.py for tasks to queue
[2026-03-26T15:14:24.073+0000] {logging_mixin.py:188} INFO - [2026-03-26T15:14:24.073+0000] {dagbag.py:545} INFO - Filling up the DagBag from /opt/airflow/dags/scada_pipeline_dag.py
[2026-03-26T15:14:24.080+0000] {processor.py:840} INFO - DAG(s) 'scada_pipeline' retrieved from /opt/airflow/dags/scada_pipeline_dag.py
[2026-03-26T15:14:24.106+0000] {logging_mixin.py:188} INFO - [2026-03-26T15:14:24.105+0000] {dag.py:3089} INFO - Sync 1 DAGs
[2026-03-26T15:14:24.116+0000] {logging_mixin.py:188} INFO - [2026-03-26T15:14:24.116+0000] {dag.py:3947} INFO - Setting next_dagrun for scada_pipeline to None, run_after=None
[2026-03-26T15:14:24.133+0000] {processor.py:183} INFO - Processing /opt/airflow/dags/scada_pipeline_dag.py took 0.067 seconds
[2026-03-26T15:14:56.637+0000] {processor.py:161} INFO - Started process (PID=747) to work on /opt/airflow/dags/scada_pipeline_dag.py
[2026-03-26T15:14:56.639+0000] {processor.py:830} INFO - Processing file /opt/airflow/dags/scada_pipeline_dag.py for tasks to queue
[2026-03-26T15:14:56.642+0000] {logging_mixin.py:188} INFO - [2026-03-26T15:14:56.641+0000] {dagbag.py:545} INFO - Filling up the DagBag from /opt/airflow/dags/scada_pipeline_dag.py
[2026-03-26T15:14:56.659+0000] {processor.py:840} INFO - DAG(s) 'scada_pipeline' retrieved from /opt/airflow/dags/scada_pipeline_dag.py
[2026-03-26T15:14:56.708+0000] {logging_mixin.py:188} INFO - [2026-03-26T15:14:56.708+0000] {dag.py:3089} INFO - Sync 1 DAGs
[2026-03-26T15:14:56.730+0000] {logging_mixin.py:188} INFO - [2026-03-26T15:14:56.729+0000] {dag.py:3947} INFO - Setting next_dagrun for scada_pipeline to None, run_after=None
[2026-03-26T15:14:56.770+0000] {processor.py:183} INFO - Processing /opt/airflow/dags/scada_pipeline_dag.py took 0.143 seconds
