[2026-03-26T14:55:22.626+0000] {local_task_job_runner.py:120} INFO - ::group::Pre task execution logs
[2026-03-26T14:55:22.662+0000] {taskinstance.py:2076} INFO - Dependencies all met for dep_context=non-requeueable deps ti=<TaskInstance: scada_pipeline.extract_scada_data manual__2026-03-26T14:55:21.736291+00:00 [queued]>
[2026-03-26T14:55:22.669+0000] {taskinstance.py:2076} INFO - Dependencies all met for dep_context=requeueable deps ti=<TaskInstance: scada_pipeline.extract_scada_data manual__2026-03-26T14:55:21.736291+00:00 [queued]>
[2026-03-26T14:55:22.670+0000] {taskinstance.py:2306} INFO - Starting attempt 1 of 1
[2026-03-26T14:55:22.682+0000] {taskinstance.py:2330} INFO - Executing <Task(BashOperator): extract_scada_data> on 2026-03-26 14:55:21.736291+00:00
[2026-03-26T14:55:22.690+0000] {logging_mixin.py:188} WARNING - /home/***/.local/lib/python3.12/site-packages/***/task/task_runner/standard_task_runner.py:62 DeprecationWarning: This process (pid=251) is multi-threaded, use of fork() may lead to deadlocks in the child.
[2026-03-26T14:55:22.688+0000] {standard_task_runner.py:90} INFO - Running: ['***', 'tasks', 'run', 'scada_pipeline', 'extract_scada_data', 'manual__2026-03-26T14:55:21.736291+00:00', '--job-id', '2', '--raw', '--subdir', 'DAGS_FOLDER/scada_pipeline_dag.py', '--cfg-path', '/tmp/tmpgjwft9v8']
[2026-03-26T14:55:22.690+0000] {standard_task_runner.py:91} INFO - Job 2: Subtask extract_scada_data
[2026-03-26T14:55:22.690+0000] {standard_task_runner.py:64} INFO - Started process 252 to run task
[2026-03-26T14:55:22.731+0000] {task_command.py:426} INFO - Running <TaskInstance: scada_pipeline.extract_scada_data manual__2026-03-26T14:55:21.736291+00:00 [running]> on host a90eb16e62dd
[2026-03-26T14:55:22.805+0000] {taskinstance.py:2648} INFO - Exporting env vars: AIRFLOW_CTX_DAG_OWNER='***' AIRFLOW_CTX_DAG_ID='scada_pipeline' AIRFLOW_CTX_TASK_ID='extract_scada_data' AIRFLOW_CTX_EXECUTION_DATE='2026-03-26T14:55:21.736291+00:00' AIRFLOW_CTX_TRY_NUMBER='1' AIRFLOW_CTX_DAG_RUN_ID='manual__2026-03-26T14:55:21.736291+00:00'
[2026-03-26T14:55:22.805+0000] {taskinstance.py:430} INFO - ::endgroup::
[2026-03-26T14:55:22.836+0000] {subprocess.py:63} INFO - Tmp dir root location: /tmp
[2026-03-26T14:55:22.837+0000] {subprocess.py:75} INFO - Running command: ['/usr/bin/bash', '-c', '\n        cd /opt/project &&\n        python ingestion/ingest_scada.py\n        ']
[2026-03-26T14:55:22.845+0000] {subprocess.py:86} INFO - Output:
[2026-03-26T14:55:24.382+0000] {subprocess.py:93} INFO - Downloading dataset from Kaggle...
[2026-03-26T14:55:24.382+0000] {subprocess.py:93} INFO - Downloading to /home/***/.cache/kagglehub/datasets/berkerisen/wind-turbine-scada-dataset/3.archive...
[2026-03-26T14:55:24.526+0000] {subprocess.py:93} INFO -   0%|          | 0.00/1.50M [00:00<?, ?B/s] 67%|██████▋   | 1.00M/1.50M [00:00<00:00, 8.86MB/s]100%|██████████| 1.50M/1.50M [00:00<00:00, 11.9MB/s]
[2026-03-26T14:55:24.527+0000] {subprocess.py:93} INFO - Extracting files...
[2026-03-26T14:55:24.620+0000] {subprocess.py:93} INFO - Dataset downloaded to: /home/***/.cache/kagglehub/datasets/berkerisen/wind-turbine-scada-dataset/versions/3
[2026-03-26T14:55:24.620+0000] {subprocess.py:93} INFO - Files found: ['T1.csv']
[2026-03-26T14:55:24.620+0000] {subprocess.py:93} INFO - Reading file: /home/***/.cache/kagglehub/datasets/berkerisen/wind-turbine-scada-dataset/versions/3/T1.csv
[2026-03-26T14:55:24.620+0000] {subprocess.py:93} INFO - Loaded 50530 rows and 5 columns
[2026-03-26T14:55:24.620+0000] {subprocess.py:93} INFO - Original columns: ['Date/Time', 'LV ActivePower (kW)', 'Wind Speed (m/s)', 'Theoretical_Power_Curve (KWh)', 'Wind Direction (°)']
[2026-03-26T14:55:24.620+0000] {subprocess.py:93} INFO - Cleaned columns: ['date_time', 'lv_activepower_kw', 'wind_speed_ms', 'theoretical_power_curve_kwh', 'wind_direction_deg']
[2026-03-26T14:55:24.621+0000] {subprocess.py:93} INFO - Saving dataset to data/scada_data.csv...
[2026-03-26T14:55:24.621+0000] {subprocess.py:93} INFO - Traceback (most recent call last):
[2026-03-26T14:55:24.621+0000] {subprocess.py:93} INFO -   File "/opt/project/ingestion/ingest_scada.py", line 70, in <module>
[2026-03-26T14:55:24.621+0000] {subprocess.py:93} INFO -     main()
[2026-03-26T14:55:24.621+0000] {subprocess.py:93} INFO -   File "/opt/project/ingestion/ingest_scada.py", line 65, in main
[2026-03-26T14:55:24.621+0000] {subprocess.py:93} INFO -     file_path = save_to_csv(df)
[2026-03-26T14:55:24.621+0000] {subprocess.py:93} INFO -                 ^^^^^^^^^^^^^^^
[2026-03-26T14:55:24.621+0000] {subprocess.py:93} INFO -   File "/opt/project/ingestion/ingest_scada.py", line 58, in save_to_csv
[2026-03-26T14:55:24.621+0000] {subprocess.py:93} INFO -     df.to_csv(file_path, index=False)
[2026-03-26T14:55:24.621+0000] {subprocess.py:93} INFO -   File "/home/***/.local/lib/python3.12/site-packages/pandas/core/generic.py", line 3902, in to_csv
[2026-03-26T14:55:24.621+0000] {subprocess.py:93} INFO -     return DataFrameRenderer(formatter).to_csv(
[2026-03-26T14:55:24.621+0000] {subprocess.py:93} INFO -            ^^^^^^^^^^^^^^^^^^^^^^^^^^^^^^^^^^^^
[2026-03-26T14:55:24.621+0000] {subprocess.py:93} INFO -   File "/home/***/.local/lib/python3.12/site-packages/pandas/io/formats/format.py", line 1152, in to_csv
[2026-03-26T14:55:24.621+0000] {subprocess.py:93} INFO -     csv_formatter.save()
[2026-03-26T14:55:24.621+0000] {subprocess.py:93} INFO -   File "/home/***/.local/lib/python3.12/site-packages/pandas/io/formats/csvs.py", line 247, in save
[2026-03-26T14:55:24.622+0000] {subprocess.py:93} INFO -     with get_handle(
[2026-03-26T14:55:24.622+0000] {subprocess.py:93} INFO -          ^^^^^^^^^^^
[2026-03-26T14:55:24.622+0000] {subprocess.py:93} INFO -   File "/home/***/.local/lib/python3.12/site-packages/pandas/io/common.py", line 863, in get_handle
[2026-03-26T14:55:24.622+0000] {subprocess.py:93} INFO -     handle = open(
[2026-03-26T14:55:24.622+0000] {subprocess.py:93} INFO -              ^^^^^
[2026-03-26T14:55:24.622+0000] {subprocess.py:93} INFO - PermissionError: [Errno 13] Permission denied: 'data/scada_data.csv'
[2026-03-26T14:55:24.736+0000] {subprocess.py:97} INFO - Command exited with return code 1
[2026-03-26T14:55:24.737+0000] {taskinstance.py:441} INFO - ::group::Post task execution logs
[2026-03-26T14:55:24.745+0000] {taskinstance.py:2905} ERROR - Task failed with exception
Traceback (most recent call last):
  File "/home/airflow/.local/lib/python3.12/site-packages/airflow/models/taskinstance.py", line 465, in _execute_task
    result = _execute_callable(context=context, **execute_callable_kwargs)
             ^^^^^^^^^^^^^^^^^^^^^^^^^^^^^^^^^^^^^^^^^^^^^^^^^^^^^^^^^^^^^
  File "/home/airflow/.local/lib/python3.12/site-packages/airflow/models/taskinstance.py", line 432, in _execute_callable
    return execute_callable(context=context, **execute_callable_kwargs)
           ^^^^^^^^^^^^^^^^^^^^^^^^^^^^^^^^^^^^^^^^^^^^^^^^^^^^^^^^^^^^
  File "/home/airflow/.local/lib/python3.12/site-packages/airflow/models/baseoperator.py", line 401, in wrapper
    return func(self, *args, **kwargs)
           ^^^^^^^^^^^^^^^^^^^^^^^^^^^
  File "/home/airflow/.local/lib/python3.12/site-packages/airflow/operators/bash.py", line 243, in execute
    raise AirflowException(
airflow.exceptions.AirflowException: Bash command failed. The command returned a non-zero exit code 1.
[2026-03-26T14:55:24.751+0000] {taskinstance.py:1206} INFO - Marking task as FAILED. dag_id=scada_pipeline, task_id=extract_scada_data, run_id=manual__2026-03-26T14:55:21.736291+00:00, execution_date=20260326T145521, start_date=20260326T145522, end_date=20260326T145524
[2026-03-26T14:55:24.765+0000] {standard_task_runner.py:110} ERROR - Failed to execute job 2 for task extract_scada_data (Bash command failed. The command returned a non-zero exit code 1.; 252)
[2026-03-26T14:55:24.791+0000] {local_task_job_runner.py:243} INFO - Task exited with return code 1
[2026-03-26T14:55:24.812+0000] {taskinstance.py:3503} INFO - 0 downstream tasks scheduled from follow-on schedule check
[2026-03-26T14:55:24.818+0000] {local_task_job_runner.py:222} INFO - ::endgroup::
