[2026-03-26T15:00:38.053+0000] {local_task_job_runner.py:120} INFO - ::group::Pre task execution logs
[2026-03-26T15:00:38.078+0000] {taskinstance.py:2076} INFO - Dependencies all met for dep_context=non-requeueable deps ti=<TaskInstance: scada_pipeline.upload_to_gcs manual__2026-03-26T15:00:34.070995+00:00 [queued]>
[2026-03-26T15:00:38.084+0000] {taskinstance.py:2076} INFO - Dependencies all met for dep_context=requeueable deps ti=<TaskInstance: scada_pipeline.upload_to_gcs manual__2026-03-26T15:00:34.070995+00:00 [queued]>
[2026-03-26T15:00:38.085+0000] {taskinstance.py:2306} INFO - Starting attempt 1 of 1
[2026-03-26T15:00:38.094+0000] {taskinstance.py:2330} INFO - Executing <Task(BashOperator): upload_to_gcs> on 2026-03-26 15:00:34.070995+00:00
[2026-03-26T15:00:38.101+0000] {logging_mixin.py:188} WARNING - /home/***/.local/lib/python3.12/site-packages/***/task/task_runner/standard_task_runner.py:62 DeprecationWarning: This process (pid=334) is multi-threaded, use of fork() may lead to deadlocks in the child.
[2026-03-26T15:00:38.100+0000] {standard_task_runner.py:90} INFO - Running: ['***', 'tasks', 'run', 'scada_pipeline', 'upload_to_gcs', 'manual__2026-03-26T15:00:34.070995+00:00', '--job-id', '4', '--raw', '--subdir', 'DAGS_FOLDER/scada_pipeline_dag.py', '--cfg-path', '/tmp/tmpzzfzicun']
[2026-03-26T15:00:38.102+0000] {standard_task_runner.py:91} INFO - Job 4: Subtask upload_to_gcs
[2026-03-26T15:00:38.102+0000] {standard_task_runner.py:64} INFO - Started process 335 to run task
[2026-03-26T15:00:38.138+0000] {task_command.py:426} INFO - Running <TaskInstance: scada_pipeline.upload_to_gcs manual__2026-03-26T15:00:34.070995+00:00 [running]> on host a90eb16e62dd
[2026-03-26T15:00:38.195+0000] {taskinstance.py:2648} INFO - Exporting env vars: AIRFLOW_CTX_DAG_OWNER='***' AIRFLOW_CTX_DAG_ID='scada_pipeline' AIRFLOW_CTX_TASK_ID='upload_to_gcs' AIRFLOW_CTX_EXECUTION_DATE='2026-03-26T15:00:34.070995+00:00' AIRFLOW_CTX_TRY_NUMBER='1' AIRFLOW_CTX_DAG_RUN_ID='manual__2026-03-26T15:00:34.070995+00:00'
[2026-03-26T15:00:38.195+0000] {taskinstance.py:430} INFO - ::endgroup::
[2026-03-26T15:00:38.205+0000] {subprocess.py:63} INFO - Tmp dir root location: /tmp
[2026-03-26T15:00:38.205+0000] {subprocess.py:75} INFO - Running command: ['/usr/bin/bash', '-c', '\n        cd /opt/project &&\n        gcloud storage cp data/scada_data.csv gs://wind-farm-analytics-janio-scada-data/raw/scada_data.csv\n        ']
[2026-03-26T15:00:38.213+0000] {subprocess.py:86} INFO - Output:
[2026-03-26T15:00:38.542+0000] {subprocess.py:93} INFO - WARNING: Could not setup log file in /home/***/.config/gcloud/logs, (PermissionError: [Errno 13] Permission denied: '/home/***/.config/gcloud/logs/2026.03.26/15.00.38.541718.log'.
[2026-03-26T15:00:38.542+0000] {subprocess.py:93} INFO - The configuration directory may not be writable. To learn more, see https://cloud.google.com/sdk/docs/configurations#creating_a_configuration
[2026-03-26T15:00:38.960+0000] {subprocess.py:93} INFO - ERROR: (gcloud.storage.cp) Unable to create private file [/home/***/.config/gcloud/credentials.db]: [Errno 1] Operation not permitted: '/home/***/.config/gcloud/credentials.db'
[2026-03-26T15:00:39.087+0000] {subprocess.py:97} INFO - Command exited with return code 1
[2026-03-26T15:00:39.088+0000] {taskinstance.py:441} INFO - ::group::Post task execution logs
[2026-03-26T15:00:39.097+0000] {taskinstance.py:2905} ERROR - Task failed with exception
Traceback (most recent call last):
  File "/home/airflow/.local/lib/python3.12/site-packages/airflow/models/taskinstance.py", line 465, in _execute_task
    result = _execute_callable(context=context, **execute_callable_kwargs)
             ^^^^^^^^^^^^^^^^^^^^^^^^^^^^^^^^^^^^^^^^^^^^^^^^^^^^^^^^^^^^^
  File "/home/airflow/.local/lib/python3.12/site-packages/airflow/models/taskinstance.py", line 432, in _execute_callable
    return execute_callable(context=context, **execute_callable_kwargs)
           ^^^^^^^^^^^^^^^^^^^^^^^^^^^^^^^^^^^^^^^^^^^^^^^^^^^^^^^^^^^^
  File "/home/airflow/.local/lib/python3.12/site-packages/airflow/models/baseoperator.py", line 401, in wrapper
    return func(self, *args, **kwargs)
           ^^^^^^^^^^^^^^^^^^^^^^^^^^^
  File "/home/airflow/.local/lib/python3.12/site-packages/airflow/operators/bash.py", line 243, in execute
    raise AirflowException(
airflow.exceptions.AirflowException: Bash command failed. The command returned a non-zero exit code 1.
[2026-03-26T15:00:39.101+0000] {taskinstance.py:1206} INFO - Marking task as FAILED. dag_id=scada_pipeline, task_id=upload_to_gcs, run_id=manual__2026-03-26T15:00:34.070995+00:00, execution_date=20260326T150034, start_date=20260326T150038, end_date=20260326T150039
[2026-03-26T15:00:39.113+0000] {standard_task_runner.py:110} ERROR - Failed to execute job 4 for task upload_to_gcs (Bash command failed. The command returned a non-zero exit code 1.; 335)
[2026-03-26T15:00:39.118+0000] {local_task_job_runner.py:243} INFO - Task exited with return code 1
[2026-03-26T15:00:39.136+0000] {taskinstance.py:3503} INFO - 0 downstream tasks scheduled from follow-on schedule check
[2026-03-26T15:00:39.140+0000] {local_task_job_runner.py:222} INFO - ::endgroup::
