[2026-03-26T15:11:30.220+0000] {local_task_job_runner.py:120} INFO - ::group::Pre task execution logs
[2026-03-26T15:11:30.246+0000] {taskinstance.py:2076} INFO - Dependencies all met for dep_context=non-requeueable deps ti=<TaskInstance: scada_pipeline.load_to_bigquery manual__2026-03-26T15:11:24.188246+00:00 [queued]>
[2026-03-26T15:11:30.252+0000] {taskinstance.py:2076} INFO - Dependencies all met for dep_context=requeueable deps ti=<TaskInstance: scada_pipeline.load_to_bigquery manual__2026-03-26T15:11:24.188246+00:00 [queued]>
[2026-03-26T15:11:30.252+0000] {taskinstance.py:2306} INFO - Starting attempt 1 of 1
[2026-03-26T15:11:30.264+0000] {taskinstance.py:2330} INFO - Executing <Task(BashOperator): load_to_bigquery> on 2026-03-26 15:11:24.188246+00:00
[2026-03-26T15:11:30.270+0000] {standard_task_runner.py:90} INFO - Running: ['***', 'tasks', 'run', 'scada_pipeline', 'load_to_bigquery', 'manual__2026-03-26T15:11:24.188246+00:00', '--job-id', '11', '--raw', '--subdir', 'DAGS_FOLDER/scada_pipeline_dag.py', '--cfg-path', '/tmp/tmp6npn5vez']
[2026-03-26T15:11:30.272+0000] {logging_mixin.py:188} WARNING - /home/***/.local/lib/python3.12/site-packages/***/task/task_runner/standard_task_runner.py:62 DeprecationWarning: This process (pid=623) is multi-threaded, use of fork() may lead to deadlocks in the child.
[2026-03-26T15:11:30.272+0000] {standard_task_runner.py:91} INFO - Job 11: Subtask load_to_bigquery
[2026-03-26T15:11:30.272+0000] {standard_task_runner.py:64} INFO - Started process 624 to run task
[2026-03-26T15:11:30.312+0000] {task_command.py:426} INFO - Running <TaskInstance: scada_pipeline.load_to_bigquery manual__2026-03-26T15:11:24.188246+00:00 [running]> on host a90eb16e62dd
[2026-03-26T15:11:30.380+0000] {taskinstance.py:2648} INFO - Exporting env vars: AIRFLOW_CTX_DAG_OWNER='***' AIRFLOW_CTX_DAG_ID='scada_pipeline' AIRFLOW_CTX_TASK_ID='load_to_bigquery' AIRFLOW_CTX_EXECUTION_DATE='2026-03-26T15:11:24.188246+00:00' AIRFLOW_CTX_TRY_NUMBER='1' AIRFLOW_CTX_DAG_RUN_ID='manual__2026-03-26T15:11:24.188246+00:00'
[2026-03-26T15:11:30.381+0000] {taskinstance.py:430} INFO - ::endgroup::
[2026-03-26T15:11:30.392+0000] {subprocess.py:63} INFO - Tmp dir root location: /tmp
[2026-03-26T15:11:30.394+0000] {subprocess.py:75} INFO - Running command: ['/usr/bin/bash', '-c', 'mkdir -p /tmp/gcloud && cp -r /home/***/.config/gcloud/* /tmp/gcloud/ 2>/dev/null || true && export CLOUDSDK_CONFIG=/tmp/gcloud && bq load --replace --autodetect --source_format=CSV --skip_leading_rows=1 wind-farm-analytics-janio:wind_farm.scada_raw gs://wind-farm-analytics-janio-scada-data/raw/scada_data.csv']
[2026-03-26T15:11:30.402+0000] {subprocess.py:86} INFO - Output:
[2026-03-26T15:11:39.044+0000] {subprocess.py:93} INFO - Waiting on bqjob_r5699176ffee754c1_0000019d2ab36201_1 ... (3s) Current status: RUNNING                                                                                      Waiting on bqjob_r5699176ffee754c1_0000019d2ab36201_1 ... (4s) Current status: RUNNING                                                                                      Waiting on bqjob_r5699176ffee754c1_0000019d2ab36201_1 ... (4s) Current status: DONE
[2026-03-26T15:11:39.184+0000] {subprocess.py:97} INFO - Command exited with return code 0
[2026-03-26T15:11:39.185+0000] {taskinstance.py:441} INFO - ::group::Post task execution logs
[2026-03-26T15:11:39.213+0000] {taskinstance.py:1206} INFO - Marking task as SUCCESS. dag_id=scada_pipeline, task_id=load_to_bigquery, run_id=manual__2026-03-26T15:11:24.188246+00:00, execution_date=20260326T151124, start_date=20260326T151130, end_date=20260326T151139
[2026-03-26T15:11:39.238+0000] {local_task_job_runner.py:243} INFO - Task exited with return code 0
[2026-03-26T15:11:39.252+0000] {taskinstance.py:3503} INFO - 0 downstream tasks scheduled from follow-on schedule check
[2026-03-26T15:11:39.255+0000] {local_task_job_runner.py:222} INFO - ::endgroup::
