[2026-03-26T15:08:20.943+0000] {local_task_job_runner.py:120} INFO - ::group::Pre task execution logs
[2026-03-26T15:08:20.984+0000] {taskinstance.py:2076} INFO - Dependencies all met for dep_context=non-requeueable deps ti=<TaskInstance: scada_pipeline.upload_to_gcs manual__2026-03-26T15:08:17.288828+00:00 [queued]>
[2026-03-26T15:08:20.994+0000] {taskinstance.py:2076} INFO - Dependencies all met for dep_context=requeueable deps ti=<TaskInstance: scada_pipeline.upload_to_gcs manual__2026-03-26T15:08:17.288828+00:00 [queued]>
[2026-03-26T15:08:20.994+0000] {taskinstance.py:2306} INFO - Starting attempt 1 of 1
[2026-03-26T15:08:21.020+0000] {taskinstance.py:2330} INFO - Executing <Task(BashOperator): upload_to_gcs> on 2026-03-26 15:08:17.288828+00:00
[2026-03-26T15:08:21.032+0000] {logging_mixin.py:188} WARNING - /home/***/.local/lib/python3.12/site-packages/***/task/task_runner/standard_task_runner.py:62 DeprecationWarning: This process (pid=451) is multi-threaded, use of fork() may lead to deadlocks in the child.
[2026-03-26T15:08:21.029+0000] {standard_task_runner.py:90} INFO - Running: ['***', 'tasks', 'run', 'scada_pipeline', 'upload_to_gcs', 'manual__2026-03-26T15:08:17.288828+00:00', '--job-id', '6', '--raw', '--subdir', 'DAGS_FOLDER/scada_pipeline_dag.py', '--cfg-path', '/tmp/tmpzwuuj17i']
[2026-03-26T15:08:21.032+0000] {standard_task_runner.py:64} INFO - Started process 452 to run task
[2026-03-26T15:08:21.032+0000] {standard_task_runner.py:91} INFO - Job 6: Subtask upload_to_gcs
[2026-03-26T15:08:21.093+0000] {task_command.py:426} INFO - Running <TaskInstance: scada_pipeline.upload_to_gcs manual__2026-03-26T15:08:17.288828+00:00 [running]> on host a90eb16e62dd
[2026-03-26T15:08:21.161+0000] {taskinstance.py:2648} INFO - Exporting env vars: AIRFLOW_CTX_DAG_OWNER='***' AIRFLOW_CTX_DAG_ID='scada_pipeline' AIRFLOW_CTX_TASK_ID='upload_to_gcs' AIRFLOW_CTX_EXECUTION_DATE='2026-03-26T15:08:17.288828+00:00' AIRFLOW_CTX_TRY_NUMBER='1' AIRFLOW_CTX_DAG_RUN_ID='manual__2026-03-26T15:08:17.288828+00:00'
[2026-03-26T15:08:21.162+0000] {taskinstance.py:430} INFO - ::endgroup::
[2026-03-26T15:08:21.172+0000] {subprocess.py:63} INFO - Tmp dir root location: /tmp
[2026-03-26T15:08:21.173+0000] {subprocess.py:75} INFO - Running command: ['/usr/bin/bash', '-c', 'mkdir -p /tmp/gcloud && cp -r /home/***/.config/gcloud/* /tmp/gcloud/ 2>/dev/null || true && export CLOUDSDK_CONFIG=/tmp/gcloud && cd /opt/project && gcloud storage cp data/scada_data.csv gs://wind-farm-analytics-janio-scada-data/raw/scada_data.csv']
[2026-03-26T15:08:21.179+0000] {subprocess.py:86} INFO - Output:
[2026-03-26T15:08:21.963+0000] {subprocess.py:93} INFO - Copying file://data/scada_data.csv to gs://wind-farm-analytics-janio-scada-data/raw/scada_data.csv
[2026-03-26T15:08:21.978+0000] {subprocess.py:93} INFO - 
[2026-03-26T15:08:23.254+0000] {subprocess.py:93} INFO - ......
[2026-03-26T15:08:23.531+0000] {subprocess.py:97} INFO - Command exited with return code 0
[2026-03-26T15:08:23.533+0000] {taskinstance.py:441} INFO - ::group::Post task execution logs
[2026-03-26T15:08:23.561+0000] {taskinstance.py:1206} INFO - Marking task as SUCCESS. dag_id=scada_pipeline, task_id=upload_to_gcs, run_id=manual__2026-03-26T15:08:17.288828+00:00, execution_date=20260326T150817, start_date=20260326T150820, end_date=20260326T150823
[2026-03-26T15:08:23.616+0000] {local_task_job_runner.py:243} INFO - Task exited with return code 0
[2026-03-26T15:08:23.629+0000] {local_task_job_runner.py:222} INFO - ::endgroup::
