[2026-03-26T15:08:23.811+0000] {local_task_job_runner.py:120} INFO - ::group::Pre task execution logs
[2026-03-26T15:08:23.838+0000] {taskinstance.py:2076} INFO - Dependencies all met for dep_context=non-requeueable deps ti=<TaskInstance: scada_pipeline.load_to_bigquery manual__2026-03-26T15:08:17.288828+00:00 [queued]>
[2026-03-26T15:08:23.844+0000] {taskinstance.py:2076} INFO - Dependencies all met for dep_context=requeueable deps ti=<TaskInstance: scada_pipeline.load_to_bigquery manual__2026-03-26T15:08:17.288828+00:00 [queued]>
[2026-03-26T15:08:23.844+0000] {taskinstance.py:2306} INFO - Starting attempt 1 of 1
[2026-03-26T15:08:23.856+0000] {taskinstance.py:2330} INFO - Executing <Task(BashOperator): load_to_bigquery> on 2026-03-26 15:08:17.288828+00:00
[2026-03-26T15:08:23.866+0000] {logging_mixin.py:188} WARNING - /home/***/.local/lib/python3.12/site-packages/***/task/task_runner/standard_task_runner.py:62 DeprecationWarning: This process (pid=490) is multi-threaded, use of fork() may lead to deadlocks in the child.
[2026-03-26T15:08:23.867+0000] {standard_task_runner.py:64} INFO - Started process 491 to run task
[2026-03-26T15:08:23.865+0000] {standard_task_runner.py:90} INFO - Running: ['***', 'tasks', 'run', 'scada_pipeline', 'load_to_bigquery', 'manual__2026-03-26T15:08:17.288828+00:00', '--job-id', '7', '--raw', '--subdir', 'DAGS_FOLDER/scada_pipeline_dag.py', '--cfg-path', '/tmp/tmpls50ni7u']
[2026-03-26T15:08:23.869+0000] {standard_task_runner.py:91} INFO - Job 7: Subtask load_to_bigquery
[2026-03-26T15:08:23.912+0000] {task_command.py:426} INFO - Running <TaskInstance: scada_pipeline.load_to_bigquery manual__2026-03-26T15:08:17.288828+00:00 [running]> on host a90eb16e62dd
[2026-03-26T15:08:23.981+0000] {taskinstance.py:2648} INFO - Exporting env vars: AIRFLOW_CTX_DAG_OWNER='***' AIRFLOW_CTX_DAG_ID='scada_pipeline' AIRFLOW_CTX_TASK_ID='load_to_bigquery' AIRFLOW_CTX_EXECUTION_DATE='2026-03-26T15:08:17.288828+00:00' AIRFLOW_CTX_TRY_NUMBER='1' AIRFLOW_CTX_DAG_RUN_ID='manual__2026-03-26T15:08:17.288828+00:00'
[2026-03-26T15:08:23.982+0000] {taskinstance.py:430} INFO - ::endgroup::
[2026-03-26T15:08:23.992+0000] {subprocess.py:63} INFO - Tmp dir root location: /tmp
[2026-03-26T15:08:23.993+0000] {subprocess.py:75} INFO - Running command: ['/usr/bin/bash', '-c', 'mkdir -p /tmp/gcloud && cp -r /home/***/.config/gcloud/* /tmp/gcloud/ 2>/dev/null || true && export CLOUDSDK_CONFIG=/tmp/gcloud && bq load --replace --autodetect --source_format=CSV --skip_leading_rows=1 wind-farm-analytics-janio:wind_farm.scada_raw gs://wind-farm-analytics-janio-scada-data/raw/scada_data.csv']
[2026-03-26T15:08:24.002+0000] {subprocess.py:86} INFO - Output:
[2026-03-26T15:08:29.198+0000] {subprocess.py:93} INFO - Waiting on bqjob_r423da85ec0d6d79b_0000019d2ab089bf_1 ... (0s) Current status: RUNNING                                                                                      Waiting on bqjob_r423da85ec0d6d79b_0000019d2ab089bf_1 ... (1s) Current status: RUNNING                                                                                      Waiting on bqjob_r423da85ec0d6d79b_0000019d2ab089bf_1 ... (1s) Current status: DONE
[2026-03-26T15:08:29.327+0000] {subprocess.py:97} INFO - Command exited with return code 0
[2026-03-26T15:08:29.328+0000] {taskinstance.py:441} INFO - ::group::Post task execution logs
[2026-03-26T15:08:29.358+0000] {taskinstance.py:1206} INFO - Marking task as SUCCESS. dag_id=scada_pipeline, task_id=load_to_bigquery, run_id=manual__2026-03-26T15:08:17.288828+00:00, execution_date=20260326T150817, start_date=20260326T150823, end_date=20260326T150829
[2026-03-26T15:08:29.390+0000] {local_task_job_runner.py:243} INFO - Task exited with return code 0
[2026-03-26T15:08:29.404+0000] {taskinstance.py:3503} INFO - 1 downstream tasks scheduled from follow-on schedule check
[2026-03-26T15:08:29.407+0000] {local_task_job_runner.py:222} INFO - ::endgroup::
