[2026-03-24T15:36:50.465+0000] {local_task_job_runner.py:120} INFO - ::group::Pre task execution logs
[2026-03-24T15:36:50.531+0000] {taskinstance.py:2076} INFO - Dependencies all met for dep_context=non-requeueable deps ti=<TaskInstance: scada_pipeline.extract_scada_data manual__2026-03-24T15:36:48.915834+00:00 [queued]>
[2026-03-24T15:36:50.541+0000] {taskinstance.py:2076} INFO - Dependencies all met for dep_context=requeueable deps ti=<TaskInstance: scada_pipeline.extract_scada_data manual__2026-03-24T15:36:48.915834+00:00 [queued]>
[2026-03-24T15:36:50.541+0000] {taskinstance.py:2306} INFO - Starting attempt 1 of 1
[2026-03-24T15:36:50.555+0000] {taskinstance.py:2330} INFO - Executing <Task(BashOperator): extract_scada_data> on 2026-03-24 15:36:48.915834+00:00
[2026-03-24T15:36:50.562+0000] {standard_task_runner.py:90} INFO - Running: ['***', 'tasks', 'run', 'scada_pipeline', 'extract_scada_data', 'manual__2026-03-24T15:36:48.915834+00:00', '--job-id', '2', '--raw', '--subdir', 'DAGS_FOLDER/scada_pipeline_dag.py', '--cfg-path', '/tmp/tmpcckywyf7']
[2026-03-24T15:36:50.565+0000] {logging_mixin.py:188} WARNING - /home/***/.local/lib/python3.12/site-packages/***/task/task_runner/standard_task_runner.py:62 DeprecationWarning: This process (pid=262) is multi-threaded, use of fork() may lead to deadlocks in the child.
[2026-03-24T15:36:50.565+0000] {standard_task_runner.py:91} INFO - Job 2: Subtask extract_scada_data
[2026-03-24T15:36:50.565+0000] {standard_task_runner.py:64} INFO - Started process 263 to run task
[2026-03-24T15:36:50.614+0000] {task_command.py:426} INFO - Running <TaskInstance: scada_pipeline.extract_scada_data manual__2026-03-24T15:36:48.915834+00:00 [running]> on host 54554214d24c
[2026-03-24T15:36:50.714+0000] {taskinstance.py:2648} INFO - Exporting env vars: AIRFLOW_CTX_DAG_OWNER='***' AIRFLOW_CTX_DAG_ID='scada_pipeline' AIRFLOW_CTX_TASK_ID='extract_scada_data' AIRFLOW_CTX_EXECUTION_DATE='2026-03-24T15:36:48.915834+00:00' AIRFLOW_CTX_TRY_NUMBER='1' AIRFLOW_CTX_DAG_RUN_ID='manual__2026-03-24T15:36:48.915834+00:00'
[2026-03-24T15:36:50.715+0000] {taskinstance.py:430} INFO - ::endgroup::
[2026-03-24T15:36:50.758+0000] {subprocess.py:63} INFO - Tmp dir root location: /tmp
[2026-03-24T15:36:50.759+0000] {subprocess.py:75} INFO - Running command: ['/usr/bin/bash', '-c', '\n        cd /opt/project &&\n        python ingestion/ingest_scada.py\n        ']
[2026-03-24T15:36:50.768+0000] {subprocess.py:86} INFO - Output:
[2026-03-24T15:36:52.622+0000] {subprocess.py:93} INFO - Traceback (most recent call last):
[2026-03-24T15:36:52.622+0000] {subprocess.py:93} INFO -   File "/opt/project/ingestion/ingest_scada.py", line 3, in <module>
[2026-03-24T15:36:52.623+0000] {subprocess.py:93} INFO -     import kagglehub
[2026-03-24T15:36:52.623+0000] {subprocess.py:93} INFO - ModuleNotFoundError: No module named 'kagglehub'
[2026-03-24T15:36:52.730+0000] {subprocess.py:97} INFO - Command exited with return code 1
[2026-03-24T15:36:52.732+0000] {taskinstance.py:441} INFO - ::group::Post task execution logs
[2026-03-24T15:36:52.741+0000] {taskinstance.py:2905} ERROR - Task failed with exception
Traceback (most recent call last):
  File "/home/airflow/.local/lib/python3.12/site-packages/airflow/models/taskinstance.py", line 465, in _execute_task
    result = _execute_callable(context=context, **execute_callable_kwargs)
             ^^^^^^^^^^^^^^^^^^^^^^^^^^^^^^^^^^^^^^^^^^^^^^^^^^^^^^^^^^^^^
  File "/home/airflow/.local/lib/python3.12/site-packages/airflow/models/taskinstance.py", line 432, in _execute_callable
    return execute_callable(context=context, **execute_callable_kwargs)
           ^^^^^^^^^^^^^^^^^^^^^^^^^^^^^^^^^^^^^^^^^^^^^^^^^^^^^^^^^^^^
  File "/home/airflow/.local/lib/python3.12/site-packages/airflow/models/baseoperator.py", line 401, in wrapper
    return func(self, *args, **kwargs)
           ^^^^^^^^^^^^^^^^^^^^^^^^^^^
  File "/home/airflow/.local/lib/python3.12/site-packages/airflow/operators/bash.py", line 243, in execute
    raise AirflowException(
airflow.exceptions.AirflowException: Bash command failed. The command returned a non-zero exit code 1.
[2026-03-24T15:36:52.747+0000] {taskinstance.py:1206} INFO - Marking task as FAILED. dag_id=scada_pipeline, task_id=extract_scada_data, run_id=manual__2026-03-24T15:36:48.915834+00:00, execution_date=20260324T153648, start_date=20260324T153650, end_date=20260324T153652
[2026-03-24T15:36:52.763+0000] {standard_task_runner.py:110} ERROR - Failed to execute job 2 for task extract_scada_data (Bash command failed. The command returned a non-zero exit code 1.; 263)
[2026-03-24T15:36:52.795+0000] {local_task_job_runner.py:243} INFO - Task exited with return code 1
[2026-03-24T15:36:52.816+0000] {taskinstance.py:3503} INFO - 0 downstream tasks scheduled from follow-on schedule check
[2026-03-24T15:36:52.820+0000] {local_task_job_runner.py:222} INFO - ::endgroup::
