[2026-03-26T15:08:29.901+0000] {local_task_job_runner.py:120} INFO - ::group::Pre task execution logs
[2026-03-26T15:08:29.946+0000] {taskinstance.py:2076} INFO - Dependencies all met for dep_context=non-requeueable deps ti=<TaskInstance: scada_pipeline.run_dbt_models manual__2026-03-26T15:08:17.288828+00:00 [queued]>
[2026-03-26T15:08:29.957+0000] {taskinstance.py:2076} INFO - Dependencies all met for dep_context=requeueable deps ti=<TaskInstance: scada_pipeline.run_dbt_models manual__2026-03-26T15:08:17.288828+00:00 [queued]>
[2026-03-26T15:08:29.957+0000] {taskinstance.py:2306} INFO - Starting attempt 1 of 1
[2026-03-26T15:08:29.973+0000] {taskinstance.py:2330} INFO - Executing <Task(BashOperator): run_dbt_models> on 2026-03-26 15:08:17.288828+00:00
[2026-03-26T15:08:29.982+0000] {standard_task_runner.py:90} INFO - Running: ['***', 'tasks', 'run', 'scada_pipeline', 'run_dbt_models', 'manual__2026-03-26T15:08:17.288828+00:00', '--job-id', '8', '--raw', '--subdir', 'DAGS_FOLDER/scada_pipeline_dag.py', '--cfg-path', '/tmp/tmphxl3ndp_']
[2026-03-26T15:08:29.985+0000] {standard_task_runner.py:91} INFO - Job 8: Subtask run_dbt_models
[2026-03-26T15:08:29.985+0000] {logging_mixin.py:188} WARNING - /home/***/.local/lib/python3.12/site-packages/***/task/task_runner/standard_task_runner.py:62 DeprecationWarning: This process (pid=534) is multi-threaded, use of fork() may lead to deadlocks in the child.
[2026-03-26T15:08:29.986+0000] {standard_task_runner.py:64} INFO - Started process 535 to run task
[2026-03-26T15:08:30.039+0000] {task_command.py:426} INFO - Running <TaskInstance: scada_pipeline.run_dbt_models manual__2026-03-26T15:08:17.288828+00:00 [running]> on host a90eb16e62dd
[2026-03-26T15:08:30.126+0000] {taskinstance.py:2648} INFO - Exporting env vars: AIRFLOW_CTX_DAG_OWNER='***' AIRFLOW_CTX_DAG_ID='scada_pipeline' AIRFLOW_CTX_TASK_ID='run_dbt_models' AIRFLOW_CTX_EXECUTION_DATE='2026-03-26T15:08:17.288828+00:00' AIRFLOW_CTX_TRY_NUMBER='1' AIRFLOW_CTX_DAG_RUN_ID='manual__2026-03-26T15:08:17.288828+00:00'
[2026-03-26T15:08:30.127+0000] {taskinstance.py:430} INFO - ::endgroup::
[2026-03-26T15:08:30.137+0000] {subprocess.py:63} INFO - Tmp dir root location: /tmp
[2026-03-26T15:08:30.138+0000] {subprocess.py:75} INFO - Running command: ['/usr/bin/bash', '-c', '\n        cd /opt/project/dbt/wind_farm_project &&\n        dbt run --project-dir . --profiles-dir /home/***/.dbt\n        ']
[2026-03-26T15:08:30.146+0000] {subprocess.py:86} INFO - Output:
[2026-03-26T15:08:32.036+0000] {subprocess.py:93} INFO - [0m15:08:32  Encountered an error:
[2026-03-26T15:08:32.037+0000] {subprocess.py:93} INFO - [Errno 13] Permission denied: '/opt/project/dbt/wind_farm_project/logs/dbt.log'
[2026-03-26T15:08:32.040+0000] {subprocess.py:93} INFO - [0m15:08:32  Traceback (most recent call last):
[2026-03-26T15:08:32.041+0000] {subprocess.py:93} INFO -   File "/home/***/.local/lib/python3.12/site-packages/dbt/cli/requires.py", line 182, in wrapper
[2026-03-26T15:08:32.041+0000] {subprocess.py:93} INFO -     result, success = func(*args, **kwargs)
[2026-03-26T15:08:32.041+0000] {subprocess.py:93} INFO -                       ^^^^^^^^^^^^^^^^^^^^^
[2026-03-26T15:08:32.041+0000] {subprocess.py:93} INFO -   File "/home/***/.local/lib/python3.12/site-packages/dbt/cli/requires.py", line 101, in wrapper
[2026-03-26T15:08:32.041+0000] {subprocess.py:93} INFO -     setup_event_logger(flags=flags, callbacks=callbacks)
[2026-03-26T15:08:32.041+0000] {subprocess.py:93} INFO -   File "/home/***/.local/lib/python3.12/site-packages/dbt/events/logging.py", line 100, in setup_event_logger
[2026-03-26T15:08:32.041+0000] {subprocess.py:93} INFO -     add_logger_to_manager(
[2026-03-26T15:08:32.041+0000] {subprocess.py:93} INFO -   File "/home/***/.local/lib/python3.12/site-packages/dbt_common/events/event_manager_client.py", line 15, in add_logger_to_manager
[2026-03-26T15:08:32.042+0000] {subprocess.py:93} INFO -     _EVENT_MANAGER.add_logger(logger)
[2026-03-26T15:08:32.042+0000] {subprocess.py:93} INFO -   File "/home/***/.local/lib/python3.12/site-packages/dbt_common/events/event_manager.py", line 88, in add_logger
[2026-03-26T15:08:32.042+0000] {subprocess.py:93} INFO -     _JsonLogger(config) if config.line_format == LineFormat.Json else _TextLogger(config)
[2026-03-26T15:08:32.042+0000] {subprocess.py:93} INFO -                                                                       ^^^^^^^^^^^^^^^^^^^
[2026-03-26T15:08:32.042+0000] {subprocess.py:93} INFO -   File "/home/***/.local/lib/python3.12/site-packages/dbt_common/events/logger.py", line 147, in __init__
[2026-03-26T15:08:32.042+0000] {subprocess.py:93} INFO -     super().__init__(config)
[2026-03-26T15:08:32.042+0000] {subprocess.py:93} INFO -   File "/home/***/.local/lib/python3.12/site-packages/dbt_common/events/logger.py", line 107, in __init__
[2026-03-26T15:08:32.042+0000] {subprocess.py:93} INFO -     file_handler = RotatingFileHandler(
[2026-03-26T15:08:32.042+0000] {subprocess.py:93} INFO -                    ^^^^^^^^^^^^^^^^^^^^
[2026-03-26T15:08:32.042+0000] {subprocess.py:93} INFO -   File "/usr/local/lib/python3.12/logging/handlers.py", line 155, in __init__
[2026-03-26T15:08:32.042+0000] {subprocess.py:93} INFO -     BaseRotatingHandler.__init__(self, filename, mode, encoding=encoding,
[2026-03-26T15:08:32.042+0000] {subprocess.py:93} INFO -   File "/usr/local/lib/python3.12/logging/handlers.py", line 58, in __init__
[2026-03-26T15:08:32.042+0000] {subprocess.py:93} INFO -     logging.FileHandler.__init__(self, filename, mode=mode,
[2026-03-26T15:08:32.043+0000] {subprocess.py:93} INFO -   File "/usr/local/lib/python3.12/logging/__init__.py", line 1231, in __init__
[2026-03-26T15:08:32.043+0000] {subprocess.py:93} INFO -     StreamHandler.__init__(self, self._open())
[2026-03-26T15:08:32.043+0000] {subprocess.py:93} INFO -                                  ^^^^^^^^^^^^
[2026-03-26T15:08:32.043+0000] {subprocess.py:93} INFO -   File "/usr/local/lib/python3.12/logging/__init__.py", line 1263, in _open
[2026-03-26T15:08:32.043+0000] {subprocess.py:93} INFO -     return open_func(self.baseFilename, self.mode,
[2026-03-26T15:08:32.043+0000] {subprocess.py:93} INFO -            ^^^^^^^^^^^^^^^^^^^^^^^^^^^^^^^^^^^^^^^
[2026-03-26T15:08:32.043+0000] {subprocess.py:93} INFO - PermissionError: [Errno 13] Permission denied: '/opt/project/dbt/wind_farm_project/logs/dbt.log'
[2026-03-26T15:08:32.043+0000] {subprocess.py:93} INFO - 
[2026-03-26T15:08:32.284+0000] {subprocess.py:97} INFO - Command exited with return code 2
[2026-03-26T15:08:32.285+0000] {taskinstance.py:441} INFO - ::group::Post task execution logs
[2026-03-26T15:08:32.296+0000] {taskinstance.py:2905} ERROR - Task failed with exception
Traceback (most recent call last):
  File "/home/airflow/.local/lib/python3.12/site-packages/airflow/models/taskinstance.py", line 465, in _execute_task
    result = _execute_callable(context=context, **execute_callable_kwargs)
             ^^^^^^^^^^^^^^^^^^^^^^^^^^^^^^^^^^^^^^^^^^^^^^^^^^^^^^^^^^^^^
  File "/home/airflow/.local/lib/python3.12/site-packages/airflow/models/taskinstance.py", line 432, in _execute_callable
    return execute_callable(context=context, **execute_callable_kwargs)
           ^^^^^^^^^^^^^^^^^^^^^^^^^^^^^^^^^^^^^^^^^^^^^^^^^^^^^^^^^^^^
  File "/home/airflow/.local/lib/python3.12/site-packages/airflow/models/baseoperator.py", line 401, in wrapper
    return func(self, *args, **kwargs)
           ^^^^^^^^^^^^^^^^^^^^^^^^^^^
  File "/home/airflow/.local/lib/python3.12/site-packages/airflow/operators/bash.py", line 243, in execute
    raise AirflowException(
airflow.exceptions.AirflowException: Bash command failed. The command returned a non-zero exit code 2.
[2026-03-26T15:08:32.300+0000] {taskinstance.py:1206} INFO - Marking task as FAILED. dag_id=scada_pipeline, task_id=run_dbt_models, run_id=manual__2026-03-26T15:08:17.288828+00:00, execution_date=20260326T150817, start_date=20260326T150829, end_date=20260326T150832
[2026-03-26T15:08:32.314+0000] {standard_task_runner.py:110} ERROR - Failed to execute job 8 for task run_dbt_models (Bash command failed. The command returned a non-zero exit code 2.; 535)
[2026-03-26T15:08:32.327+0000] {local_task_job_runner.py:243} INFO - Task exited with return code 1
[2026-03-26T15:08:32.340+0000] {taskinstance.py:3503} INFO - 0 downstream tasks scheduled from follow-on schedule check
[2026-03-26T15:08:32.344+0000] {local_task_job_runner.py:222} INFO - ::endgroup::
