[2026-03-24T15:29:28.583+0000] {processor.py:161} INFO - Started process (PID=168) to work on /opt/airflow/dags/scada_pipeline_dag.py
[2026-03-24T15:29:28.584+0000] {processor.py:830} INFO - Processing file /opt/airflow/dags/scada_pipeline_dag.py for tasks to queue
[2026-03-24T15:29:28.599+0000] {logging_mixin.py:188} INFO - [2026-03-24T15:29:28.594+0000] {dagbag.py:545} INFO - Filling up the DagBag from /opt/airflow/dags/scada_pipeline_dag.py
[2026-03-24T15:29:28.771+0000] {processor.py:840} INFO - DAG(s) 'scada_pipeline' retrieved from /opt/airflow/dags/scada_pipeline_dag.py
[2026-03-24T15:29:30.220+0000] {logging_mixin.py:188} INFO - [2026-03-24T15:29:30.217+0000] {override.py:1858} INFO - Created Permission View: can edit on DAG:scada_pipeline
[2026-03-24T15:29:30.263+0000] {logging_mixin.py:188} INFO - [2026-03-24T15:29:30.263+0000] {override.py:1858} INFO - Created Permission View: can delete on DAG:scada_pipeline
[2026-03-24T15:29:30.279+0000] {logging_mixin.py:188} INFO - [2026-03-24T15:29:30.279+0000] {override.py:1858} INFO - Created Permission View: can read on DAG:scada_pipeline
[2026-03-24T15:29:30.281+0000] {logging_mixin.py:188} INFO - [2026-03-24T15:29:30.280+0000] {dag.py:3089} INFO - Sync 1 DAGs
[2026-03-24T15:29:30.407+0000] {logging_mixin.py:188} INFO - [2026-03-24T15:29:30.407+0000] {dag.py:3111} INFO - Creating ORM DAG for scada_pipeline
[2026-03-24T15:29:30.415+0000] {logging_mixin.py:188} INFO - [2026-03-24T15:29:30.415+0000] {dag.py:3947} INFO - Setting next_dagrun for scada_pipeline to None, run_after=None
[2026-03-24T15:29:30.545+0000] {processor.py:183} INFO - Processing /opt/airflow/dags/scada_pipeline_dag.py took 1.980 seconds
[2026-03-24T15:30:00.764+0000] {processor.py:161} INFO - Started process (PID=173) to work on /opt/airflow/dags/scada_pipeline_dag.py
[2026-03-24T15:30:00.766+0000] {processor.py:830} INFO - Processing file /opt/airflow/dags/scada_pipeline_dag.py for tasks to queue
[2026-03-24T15:30:00.768+0000] {logging_mixin.py:188} INFO - [2026-03-24T15:30:00.767+0000] {dagbag.py:545} INFO - Filling up the DagBag from /opt/airflow/dags/scada_pipeline_dag.py
[2026-03-24T15:30:00.778+0000] {processor.py:840} INFO - DAG(s) 'scada_pipeline' retrieved from /opt/airflow/dags/scada_pipeline_dag.py
[2026-03-24T15:30:00.818+0000] {logging_mixin.py:188} INFO - [2026-03-24T15:30:00.817+0000] {dag.py:3089} INFO - Sync 1 DAGs
[2026-03-24T15:30:00.831+0000] {logging_mixin.py:188} INFO - [2026-03-24T15:30:00.830+0000] {dag.py:3947} INFO - Setting next_dagrun for scada_pipeline to None, run_after=None
[2026-03-24T15:30:00.865+0000] {processor.py:183} INFO - Processing /opt/airflow/dags/scada_pipeline_dag.py took 0.107 seconds
[2026-03-24T15:30:30.964+0000] {processor.py:161} INFO - Started process (PID=178) to work on /opt/airflow/dags/scada_pipeline_dag.py
[2026-03-24T15:30:30.967+0000] {processor.py:830} INFO - Processing file /opt/airflow/dags/scada_pipeline_dag.py for tasks to queue
[2026-03-24T15:30:30.972+0000] {logging_mixin.py:188} INFO - [2026-03-24T15:30:30.970+0000] {dagbag.py:545} INFO - Filling up the DagBag from /opt/airflow/dags/scada_pipeline_dag.py
[2026-03-24T15:30:30.988+0000] {processor.py:840} INFO - DAG(s) 'scada_pipeline' retrieved from /opt/airflow/dags/scada_pipeline_dag.py
[2026-03-24T15:30:31.044+0000] {logging_mixin.py:188} INFO - [2026-03-24T15:30:31.044+0000] {dag.py:3089} INFO - Sync 1 DAGs
[2026-03-24T15:30:31.065+0000] {logging_mixin.py:188} INFO - [2026-03-24T15:30:31.065+0000] {dag.py:3947} INFO - Setting next_dagrun for scada_pipeline to None, run_after=None
[2026-03-24T15:30:31.095+0000] {processor.py:183} INFO - Processing /opt/airflow/dags/scada_pipeline_dag.py took 0.144 seconds
[2026-03-24T15:31:01.246+0000] {processor.py:161} INFO - Started process (PID=183) to work on /opt/airflow/dags/scada_pipeline_dag.py
[2026-03-24T15:31:01.249+0000] {processor.py:830} INFO - Processing file /opt/airflow/dags/scada_pipeline_dag.py for tasks to queue
[2026-03-24T15:31:01.253+0000] {logging_mixin.py:188} INFO - [2026-03-24T15:31:01.252+0000] {dagbag.py:545} INFO - Filling up the DagBag from /opt/airflow/dags/scada_pipeline_dag.py
[2026-03-24T15:31:01.272+0000] {processor.py:840} INFO - DAG(s) 'scada_pipeline' retrieved from /opt/airflow/dags/scada_pipeline_dag.py
[2026-03-24T15:31:01.345+0000] {logging_mixin.py:188} INFO - [2026-03-24T15:31:01.345+0000] {dag.py:3089} INFO - Sync 1 DAGs
[2026-03-24T15:31:01.368+0000] {logging_mixin.py:188} INFO - [2026-03-24T15:31:01.368+0000] {dag.py:3947} INFO - Setting next_dagrun for scada_pipeline to None, run_after=None
[2026-03-24T15:31:01.417+0000] {processor.py:183} INFO - Processing /opt/airflow/dags/scada_pipeline_dag.py took 0.183 seconds
[2026-03-24T15:31:31.466+0000] {processor.py:161} INFO - Started process (PID=195) to work on /opt/airflow/dags/scada_pipeline_dag.py
[2026-03-24T15:31:31.468+0000] {processor.py:830} INFO - Processing file /opt/airflow/dags/scada_pipeline_dag.py for tasks to queue
[2026-03-24T15:31:31.472+0000] {logging_mixin.py:188} INFO - [2026-03-24T15:31:31.471+0000] {dagbag.py:545} INFO - Filling up the DagBag from /opt/airflow/dags/scada_pipeline_dag.py
[2026-03-24T15:31:31.481+0000] {processor.py:840} INFO - DAG(s) 'scada_pipeline' retrieved from /opt/airflow/dags/scada_pipeline_dag.py
[2026-03-24T15:31:31.515+0000] {logging_mixin.py:188} INFO - [2026-03-24T15:31:31.514+0000] {dag.py:3089} INFO - Sync 1 DAGs
[2026-03-24T15:31:31.528+0000] {logging_mixin.py:188} INFO - [2026-03-24T15:31:31.528+0000] {dag.py:3947} INFO - Setting next_dagrun for scada_pipeline to None, run_after=None
[2026-03-24T15:31:31.551+0000] {processor.py:183} INFO - Processing /opt/airflow/dags/scada_pipeline_dag.py took 0.090 seconds
[2026-03-24T15:32:01.646+0000] {processor.py:161} INFO - Started process (PID=200) to work on /opt/airflow/dags/scada_pipeline_dag.py
[2026-03-24T15:32:01.649+0000] {processor.py:830} INFO - Processing file /opt/airflow/dags/scada_pipeline_dag.py for tasks to queue
[2026-03-24T15:32:01.651+0000] {logging_mixin.py:188} INFO - [2026-03-24T15:32:01.651+0000] {dagbag.py:545} INFO - Filling up the DagBag from /opt/airflow/dags/scada_pipeline_dag.py
[2026-03-24T15:32:01.662+0000] {processor.py:840} INFO - DAG(s) 'scada_pipeline' retrieved from /opt/airflow/dags/scada_pipeline_dag.py
[2026-03-24T15:32:01.712+0000] {logging_mixin.py:188} INFO - [2026-03-24T15:32:01.711+0000] {dag.py:3089} INFO - Sync 1 DAGs
[2026-03-24T15:32:01.725+0000] {logging_mixin.py:188} INFO - [2026-03-24T15:32:01.725+0000] {dag.py:3947} INFO - Setting next_dagrun for scada_pipeline to None, run_after=None
[2026-03-24T15:32:01.756+0000] {processor.py:183} INFO - Processing /opt/airflow/dags/scada_pipeline_dag.py took 0.118 seconds
[2026-03-24T15:32:31.906+0000] {processor.py:161} INFO - Started process (PID=205) to work on /opt/airflow/dags/scada_pipeline_dag.py
[2026-03-24T15:32:31.909+0000] {processor.py:830} INFO - Processing file /opt/airflow/dags/scada_pipeline_dag.py for tasks to queue
[2026-03-24T15:32:31.911+0000] {logging_mixin.py:188} INFO - [2026-03-24T15:32:31.911+0000] {dagbag.py:545} INFO - Filling up the DagBag from /opt/airflow/dags/scada_pipeline_dag.py
[2026-03-24T15:32:31.925+0000] {processor.py:840} INFO - DAG(s) 'scada_pipeline' retrieved from /opt/airflow/dags/scada_pipeline_dag.py
[2026-03-24T15:32:31.959+0000] {logging_mixin.py:188} INFO - [2026-03-24T15:32:31.959+0000] {dag.py:3089} INFO - Sync 1 DAGs
[2026-03-24T15:32:31.973+0000] {logging_mixin.py:188} INFO - [2026-03-24T15:32:31.972+0000] {dag.py:3947} INFO - Setting next_dagrun for scada_pipeline to None, run_after=None
[2026-03-24T15:32:32.001+0000] {processor.py:183} INFO - Processing /opt/airflow/dags/scada_pipeline_dag.py took 0.105 seconds
[2026-03-24T15:33:02.120+0000] {processor.py:161} INFO - Started process (PID=210) to work on /opt/airflow/dags/scada_pipeline_dag.py
[2026-03-24T15:33:02.123+0000] {processor.py:830} INFO - Processing file /opt/airflow/dags/scada_pipeline_dag.py for tasks to queue
[2026-03-24T15:33:02.125+0000] {logging_mixin.py:188} INFO - [2026-03-24T15:33:02.125+0000] {dagbag.py:545} INFO - Filling up the DagBag from /opt/airflow/dags/scada_pipeline_dag.py
[2026-03-24T15:33:02.135+0000] {processor.py:840} INFO - DAG(s) 'scada_pipeline' retrieved from /opt/airflow/dags/scada_pipeline_dag.py
[2026-03-24T15:33:02.174+0000] {logging_mixin.py:188} INFO - [2026-03-24T15:33:02.173+0000] {dag.py:3089} INFO - Sync 1 DAGs
[2026-03-24T15:33:02.187+0000] {logging_mixin.py:188} INFO - [2026-03-24T15:33:02.187+0000] {dag.py:3947} INFO - Setting next_dagrun for scada_pipeline to None, run_after=None
[2026-03-24T15:33:02.217+0000] {processor.py:183} INFO - Processing /opt/airflow/dags/scada_pipeline_dag.py took 0.103 seconds
[2026-03-24T15:33:32.377+0000] {processor.py:161} INFO - Started process (PID=221) to work on /opt/airflow/dags/scada_pipeline_dag.py
[2026-03-24T15:33:32.380+0000] {processor.py:830} INFO - Processing file /opt/airflow/dags/scada_pipeline_dag.py for tasks to queue
[2026-03-24T15:33:32.382+0000] {logging_mixin.py:188} INFO - [2026-03-24T15:33:32.382+0000] {dagbag.py:545} INFO - Filling up the DagBag from /opt/airflow/dags/scada_pipeline_dag.py
[2026-03-24T15:33:32.392+0000] {processor.py:840} INFO - DAG(s) 'scada_pipeline' retrieved from /opt/airflow/dags/scada_pipeline_dag.py
[2026-03-24T15:33:32.432+0000] {logging_mixin.py:188} INFO - [2026-03-24T15:33:32.432+0000] {dag.py:3089} INFO - Sync 1 DAGs
[2026-03-24T15:33:32.446+0000] {logging_mixin.py:188} INFO - [2026-03-24T15:33:32.446+0000] {dag.py:3947} INFO - Setting next_dagrun for scada_pipeline to None, run_after=None
[2026-03-24T15:33:32.472+0000] {processor.py:183} INFO - Processing /opt/airflow/dags/scada_pipeline_dag.py took 0.102 seconds
[2026-03-24T15:34:02.564+0000] {processor.py:161} INFO - Started process (PID=232) to work on /opt/airflow/dags/scada_pipeline_dag.py
[2026-03-24T15:34:02.565+0000] {processor.py:830} INFO - Processing file /opt/airflow/dags/scada_pipeline_dag.py for tasks to queue
[2026-03-24T15:34:02.567+0000] {logging_mixin.py:188} INFO - [2026-03-24T15:34:02.567+0000] {dagbag.py:545} INFO - Filling up the DagBag from /opt/airflow/dags/scada_pipeline_dag.py
[2026-03-24T15:34:02.576+0000] {processor.py:840} INFO - DAG(s) 'scada_pipeline' retrieved from /opt/airflow/dags/scada_pipeline_dag.py
[2026-03-24T15:34:02.608+0000] {logging_mixin.py:188} INFO - [2026-03-24T15:34:02.608+0000] {dag.py:3089} INFO - Sync 1 DAGs
[2026-03-24T15:34:02.619+0000] {logging_mixin.py:188} INFO - [2026-03-24T15:34:02.619+0000] {dag.py:3947} INFO - Setting next_dagrun for scada_pipeline to None, run_after=None
[2026-03-24T15:34:02.644+0000] {processor.py:183} INFO - Processing /opt/airflow/dags/scada_pipeline_dag.py took 0.085 seconds
[2026-03-24T15:34:32.841+0000] {processor.py:161} INFO - Started process (PID=237) to work on /opt/airflow/dags/scada_pipeline_dag.py
[2026-03-24T15:34:32.844+0000] {processor.py:830} INFO - Processing file /opt/airflow/dags/scada_pipeline_dag.py for tasks to queue
[2026-03-24T15:34:32.846+0000] {logging_mixin.py:188} INFO - [2026-03-24T15:34:32.845+0000] {dagbag.py:545} INFO - Filling up the DagBag from /opt/airflow/dags/scada_pipeline_dag.py
[2026-03-24T15:34:32.856+0000] {processor.py:840} INFO - DAG(s) 'scada_pipeline' retrieved from /opt/airflow/dags/scada_pipeline_dag.py
[2026-03-24T15:34:32.903+0000] {logging_mixin.py:188} INFO - [2026-03-24T15:34:32.903+0000] {dag.py:3089} INFO - Sync 1 DAGs
[2026-03-24T15:34:32.925+0000] {logging_mixin.py:188} INFO - [2026-03-24T15:34:32.925+0000] {dag.py:3947} INFO - Setting next_dagrun for scada_pipeline to None, run_after=None
[2026-03-24T15:34:32.964+0000] {processor.py:183} INFO - Processing /opt/airflow/dags/scada_pipeline_dag.py took 0.129 seconds
[2026-03-24T15:35:03.025+0000] {processor.py:161} INFO - Started process (PID=242) to work on /opt/airflow/dags/scada_pipeline_dag.py
[2026-03-24T15:35:03.027+0000] {processor.py:830} INFO - Processing file /opt/airflow/dags/scada_pipeline_dag.py for tasks to queue
[2026-03-24T15:35:03.030+0000] {logging_mixin.py:188} INFO - [2026-03-24T15:35:03.029+0000] {dagbag.py:545} INFO - Filling up the DagBag from /opt/airflow/dags/scada_pipeline_dag.py
[2026-03-24T15:35:03.042+0000] {processor.py:840} INFO - DAG(s) 'scada_pipeline' retrieved from /opt/airflow/dags/scada_pipeline_dag.py
[2026-03-24T15:35:03.080+0000] {logging_mixin.py:188} INFO - [2026-03-24T15:35:03.080+0000] {dag.py:3089} INFO - Sync 1 DAGs
[2026-03-24T15:35:03.094+0000] {logging_mixin.py:188} INFO - [2026-03-24T15:35:03.094+0000] {dag.py:3947} INFO - Setting next_dagrun for scada_pipeline to None, run_after=None
[2026-03-24T15:35:03.120+0000] {processor.py:183} INFO - Processing /opt/airflow/dags/scada_pipeline_dag.py took 0.107 seconds
[2026-03-24T15:35:33.307+0000] {processor.py:161} INFO - Started process (PID=247) to work on /opt/airflow/dags/scada_pipeline_dag.py
[2026-03-24T15:35:33.310+0000] {processor.py:830} INFO - Processing file /opt/airflow/dags/scada_pipeline_dag.py for tasks to queue
[2026-03-24T15:35:33.312+0000] {logging_mixin.py:188} INFO - [2026-03-24T15:35:33.311+0000] {dagbag.py:545} INFO - Filling up the DagBag from /opt/airflow/dags/scada_pipeline_dag.py
[2026-03-24T15:35:33.321+0000] {processor.py:840} INFO - DAG(s) 'scada_pipeline' retrieved from /opt/airflow/dags/scada_pipeline_dag.py
[2026-03-24T15:35:33.354+0000] {logging_mixin.py:188} INFO - [2026-03-24T15:35:33.354+0000] {dag.py:3089} INFO - Sync 1 DAGs
[2026-03-24T15:35:33.367+0000] {logging_mixin.py:188} INFO - [2026-03-24T15:35:33.366+0000] {dag.py:3947} INFO - Setting next_dagrun for scada_pipeline to None, run_after=None
[2026-03-24T15:35:33.390+0000] {processor.py:183} INFO - Processing /opt/airflow/dags/scada_pipeline_dag.py took 0.089 seconds
[2026-03-24T15:36:03.483+0000] {processor.py:161} INFO - Started process (PID=252) to work on /opt/airflow/dags/scada_pipeline_dag.py
[2026-03-24T15:36:03.485+0000] {processor.py:830} INFO - Processing file /opt/airflow/dags/scada_pipeline_dag.py for tasks to queue
[2026-03-24T15:36:03.488+0000] {logging_mixin.py:188} INFO - [2026-03-24T15:36:03.487+0000] {dagbag.py:545} INFO - Filling up the DagBag from /opt/airflow/dags/scada_pipeline_dag.py
[2026-03-24T15:36:03.500+0000] {processor.py:840} INFO - DAG(s) 'scada_pipeline' retrieved from /opt/airflow/dags/scada_pipeline_dag.py
[2026-03-24T15:36:03.542+0000] {logging_mixin.py:188} INFO - [2026-03-24T15:36:03.541+0000] {dag.py:3089} INFO - Sync 1 DAGs
[2026-03-24T15:36:03.555+0000] {logging_mixin.py:188} INFO - [2026-03-24T15:36:03.555+0000] {dag.py:3947} INFO - Setting next_dagrun for scada_pipeline to None, run_after=None
[2026-03-24T15:36:03.582+0000] {processor.py:183} INFO - Processing /opt/airflow/dags/scada_pipeline_dag.py took 0.106 seconds
[2026-03-24T15:36:33.729+0000] {processor.py:161} INFO - Started process (PID=257) to work on /opt/airflow/dags/scada_pipeline_dag.py
[2026-03-24T15:36:33.732+0000] {processor.py:830} INFO - Processing file /opt/airflow/dags/scada_pipeline_dag.py for tasks to queue
[2026-03-24T15:36:33.734+0000] {logging_mixin.py:188} INFO - [2026-03-24T15:36:33.734+0000] {dagbag.py:545} INFO - Filling up the DagBag from /opt/airflow/dags/scada_pipeline_dag.py
[2026-03-24T15:36:33.744+0000] {processor.py:840} INFO - DAG(s) 'scada_pipeline' retrieved from /opt/airflow/dags/scada_pipeline_dag.py
[2026-03-24T15:36:33.779+0000] {logging_mixin.py:188} INFO - [2026-03-24T15:36:33.779+0000] {dag.py:3089} INFO - Sync 1 DAGs
[2026-03-24T15:36:33.794+0000] {logging_mixin.py:188} INFO - [2026-03-24T15:36:33.793+0000] {dag.py:3947} INFO - Setting next_dagrun for scada_pipeline to None, run_after=None
[2026-03-24T15:36:33.821+0000] {processor.py:183} INFO - Processing /opt/airflow/dags/scada_pipeline_dag.py took 0.099 seconds
[2026-03-24T15:37:03.902+0000] {processor.py:161} INFO - Started process (PID=278) to work on /opt/airflow/dags/scada_pipeline_dag.py
[2026-03-24T15:37:03.904+0000] {processor.py:830} INFO - Processing file /opt/airflow/dags/scada_pipeline_dag.py for tasks to queue
[2026-03-24T15:37:03.905+0000] {logging_mixin.py:188} INFO - [2026-03-24T15:37:03.905+0000] {dagbag.py:545} INFO - Filling up the DagBag from /opt/airflow/dags/scada_pipeline_dag.py
[2026-03-24T15:37:03.919+0000] {processor.py:840} INFO - DAG(s) 'scada_pipeline' retrieved from /opt/airflow/dags/scada_pipeline_dag.py
[2026-03-24T15:37:03.949+0000] {logging_mixin.py:188} INFO - [2026-03-24T15:37:03.949+0000] {dag.py:3089} INFO - Sync 1 DAGs
[2026-03-24T15:37:03.960+0000] {logging_mixin.py:188} INFO - [2026-03-24T15:37:03.960+0000] {dag.py:3947} INFO - Setting next_dagrun for scada_pipeline to None, run_after=None
[2026-03-24T15:37:03.983+0000] {processor.py:183} INFO - Processing /opt/airflow/dags/scada_pipeline_dag.py took 0.087 seconds
[2026-03-24T15:37:34.169+0000] {processor.py:161} INFO - Started process (PID=283) to work on /opt/airflow/dags/scada_pipeline_dag.py
[2026-03-24T15:37:34.172+0000] {processor.py:830} INFO - Processing file /opt/airflow/dags/scada_pipeline_dag.py for tasks to queue
[2026-03-24T15:37:34.173+0000] {logging_mixin.py:188} INFO - [2026-03-24T15:37:34.173+0000] {dagbag.py:545} INFO - Filling up the DagBag from /opt/airflow/dags/scada_pipeline_dag.py
[2026-03-24T15:37:34.182+0000] {processor.py:840} INFO - DAG(s) 'scada_pipeline' retrieved from /opt/airflow/dags/scada_pipeline_dag.py
[2026-03-24T15:37:34.211+0000] {logging_mixin.py:188} INFO - [2026-03-24T15:37:34.211+0000] {dag.py:3089} INFO - Sync 1 DAGs
[2026-03-24T15:37:34.222+0000] {logging_mixin.py:188} INFO - [2026-03-24T15:37:34.222+0000] {dag.py:3947} INFO - Setting next_dagrun for scada_pipeline to None, run_after=None
[2026-03-24T15:37:34.245+0000] {processor.py:183} INFO - Processing /opt/airflow/dags/scada_pipeline_dag.py took 0.081 seconds
[2026-03-24T15:38:04.350+0000] {processor.py:161} INFO - Started process (PID=288) to work on /opt/airflow/dags/scada_pipeline_dag.py
[2026-03-24T15:38:04.352+0000] {processor.py:830} INFO - Processing file /opt/airflow/dags/scada_pipeline_dag.py for tasks to queue
[2026-03-24T15:38:04.354+0000] {logging_mixin.py:188} INFO - [2026-03-24T15:38:04.353+0000] {dagbag.py:545} INFO - Filling up the DagBag from /opt/airflow/dags/scada_pipeline_dag.py
[2026-03-24T15:38:04.364+0000] {processor.py:840} INFO - DAG(s) 'scada_pipeline' retrieved from /opt/airflow/dags/scada_pipeline_dag.py
[2026-03-24T15:38:04.398+0000] {logging_mixin.py:188} INFO - [2026-03-24T15:38:04.398+0000] {dag.py:3089} INFO - Sync 1 DAGs
[2026-03-24T15:38:04.410+0000] {logging_mixin.py:188} INFO - [2026-03-24T15:38:04.410+0000] {dag.py:3947} INFO - Setting next_dagrun for scada_pipeline to None, run_after=None
[2026-03-24T15:38:04.431+0000] {processor.py:183} INFO - Processing /opt/airflow/dags/scada_pipeline_dag.py took 0.088 seconds
[2026-03-24T15:38:34.584+0000] {processor.py:161} INFO - Started process (PID=293) to work on /opt/airflow/dags/scada_pipeline_dag.py
[2026-03-24T15:38:34.587+0000] {processor.py:830} INFO - Processing file /opt/airflow/dags/scada_pipeline_dag.py for tasks to queue
[2026-03-24T15:38:34.589+0000] {logging_mixin.py:188} INFO - [2026-03-24T15:38:34.589+0000] {dagbag.py:545} INFO - Filling up the DagBag from /opt/airflow/dags/scada_pipeline_dag.py
[2026-03-24T15:38:34.598+0000] {processor.py:840} INFO - DAG(s) 'scada_pipeline' retrieved from /opt/airflow/dags/scada_pipeline_dag.py
[2026-03-24T15:38:34.629+0000] {logging_mixin.py:188} INFO - [2026-03-24T15:38:34.628+0000] {dag.py:3089} INFO - Sync 1 DAGs
[2026-03-24T15:38:34.641+0000] {logging_mixin.py:188} INFO - [2026-03-24T15:38:34.640+0000] {dag.py:3947} INFO - Setting next_dagrun for scada_pipeline to None, run_after=None
[2026-03-24T15:38:34.665+0000] {processor.py:183} INFO - Processing /opt/airflow/dags/scada_pipeline_dag.py took 0.087 seconds
[2026-03-24T15:39:04.775+0000] {processor.py:161} INFO - Started process (PID=298) to work on /opt/airflow/dags/scada_pipeline_dag.py
[2026-03-24T15:39:04.777+0000] {processor.py:830} INFO - Processing file /opt/airflow/dags/scada_pipeline_dag.py for tasks to queue
[2026-03-24T15:39:04.779+0000] {logging_mixin.py:188} INFO - [2026-03-24T15:39:04.779+0000] {dagbag.py:545} INFO - Filling up the DagBag from /opt/airflow/dags/scada_pipeline_dag.py
[2026-03-24T15:39:04.791+0000] {processor.py:840} INFO - DAG(s) 'scada_pipeline' retrieved from /opt/airflow/dags/scada_pipeline_dag.py
[2026-03-24T15:39:04.847+0000] {logging_mixin.py:188} INFO - [2026-03-24T15:39:04.846+0000] {dag.py:3089} INFO - Sync 1 DAGs
[2026-03-24T15:39:04.860+0000] {logging_mixin.py:188} INFO - [2026-03-24T15:39:04.860+0000] {dag.py:3947} INFO - Setting next_dagrun for scada_pipeline to None, run_after=None
[2026-03-24T15:39:04.884+0000] {processor.py:183} INFO - Processing /opt/airflow/dags/scada_pipeline_dag.py took 0.101 seconds
[2026-03-24T15:39:35.023+0000] {processor.py:161} INFO - Started process (PID=303) to work on /opt/airflow/dags/scada_pipeline_dag.py
[2026-03-24T15:39:35.026+0000] {processor.py:830} INFO - Processing file /opt/airflow/dags/scada_pipeline_dag.py for tasks to queue
[2026-03-24T15:39:35.029+0000] {logging_mixin.py:188} INFO - [2026-03-24T15:39:35.028+0000] {dagbag.py:545} INFO - Filling up the DagBag from /opt/airflow/dags/scada_pipeline_dag.py
[2026-03-24T15:39:35.038+0000] {processor.py:840} INFO - DAG(s) 'scada_pipeline' retrieved from /opt/airflow/dags/scada_pipeline_dag.py
[2026-03-24T15:39:35.071+0000] {logging_mixin.py:188} INFO - [2026-03-24T15:39:35.071+0000] {dag.py:3089} INFO - Sync 1 DAGs
[2026-03-24T15:39:35.085+0000] {logging_mixin.py:188} INFO - [2026-03-24T15:39:35.085+0000] {dag.py:3947} INFO - Setting next_dagrun for scada_pipeline to None, run_after=None
[2026-03-24T15:39:35.114+0000] {processor.py:183} INFO - Processing /opt/airflow/dags/scada_pipeline_dag.py took 0.096 seconds
[2026-03-24T15:40:05.211+0000] {processor.py:161} INFO - Started process (PID=308) to work on /opt/airflow/dags/scada_pipeline_dag.py
[2026-03-24T15:40:05.213+0000] {processor.py:830} INFO - Processing file /opt/airflow/dags/scada_pipeline_dag.py for tasks to queue
[2026-03-24T15:40:05.216+0000] {logging_mixin.py:188} INFO - [2026-03-24T15:40:05.215+0000] {dagbag.py:545} INFO - Filling up the DagBag from /opt/airflow/dags/scada_pipeline_dag.py
[2026-03-24T15:40:05.225+0000] {processor.py:840} INFO - DAG(s) 'scada_pipeline' retrieved from /opt/airflow/dags/scada_pipeline_dag.py
[2026-03-24T15:40:05.259+0000] {logging_mixin.py:188} INFO - [2026-03-24T15:40:05.258+0000] {dag.py:3089} INFO - Sync 1 DAGs
[2026-03-24T15:40:05.270+0000] {logging_mixin.py:188} INFO - [2026-03-24T15:40:05.270+0000] {dag.py:3947} INFO - Setting next_dagrun for scada_pipeline to None, run_after=None
[2026-03-24T15:40:05.294+0000] {processor.py:183} INFO - Processing /opt/airflow/dags/scada_pipeline_dag.py took 0.090 seconds
[2026-03-24T15:40:35.460+0000] {processor.py:161} INFO - Started process (PID=313) to work on /opt/airflow/dags/scada_pipeline_dag.py
[2026-03-24T15:40:35.461+0000] {processor.py:830} INFO - Processing file /opt/airflow/dags/scada_pipeline_dag.py for tasks to queue
[2026-03-24T15:40:35.463+0000] {logging_mixin.py:188} INFO - [2026-03-24T15:40:35.463+0000] {dagbag.py:545} INFO - Filling up the DagBag from /opt/airflow/dags/scada_pipeline_dag.py
[2026-03-24T15:40:35.473+0000] {processor.py:840} INFO - DAG(s) 'scada_pipeline' retrieved from /opt/airflow/dags/scada_pipeline_dag.py
[2026-03-24T15:40:35.514+0000] {logging_mixin.py:188} INFO - [2026-03-24T15:40:35.514+0000] {dag.py:3089} INFO - Sync 1 DAGs
[2026-03-24T15:40:35.530+0000] {logging_mixin.py:188} INFO - [2026-03-24T15:40:35.529+0000] {dag.py:3947} INFO - Setting next_dagrun for scada_pipeline to None, run_after=None
[2026-03-24T15:40:35.556+0000] {processor.py:183} INFO - Processing /opt/airflow/dags/scada_pipeline_dag.py took 0.102 seconds
[2026-03-24T15:41:05.647+0000] {processor.py:161} INFO - Started process (PID=318) to work on /opt/airflow/dags/scada_pipeline_dag.py
[2026-03-24T15:41:05.649+0000] {processor.py:830} INFO - Processing file /opt/airflow/dags/scada_pipeline_dag.py for tasks to queue
[2026-03-24T15:41:05.651+0000] {logging_mixin.py:188} INFO - [2026-03-24T15:41:05.651+0000] {dagbag.py:545} INFO - Filling up the DagBag from /opt/airflow/dags/scada_pipeline_dag.py
[2026-03-24T15:41:05.660+0000] {processor.py:840} INFO - DAG(s) 'scada_pipeline' retrieved from /opt/airflow/dags/scada_pipeline_dag.py
[2026-03-24T15:41:05.694+0000] {logging_mixin.py:188} INFO - [2026-03-24T15:41:05.694+0000] {dag.py:3089} INFO - Sync 1 DAGs
[2026-03-24T15:41:05.707+0000] {logging_mixin.py:188} INFO - [2026-03-24T15:41:05.706+0000] {dag.py:3947} INFO - Setting next_dagrun for scada_pipeline to None, run_after=None
[2026-03-24T15:41:05.731+0000] {processor.py:183} INFO - Processing /opt/airflow/dags/scada_pipeline_dag.py took 0.091 seconds
[2026-03-24T15:41:35.962+0000] {processor.py:161} INFO - Started process (PID=323) to work on /opt/airflow/dags/scada_pipeline_dag.py
[2026-03-24T15:41:35.965+0000] {processor.py:830} INFO - Processing file /opt/airflow/dags/scada_pipeline_dag.py for tasks to queue
[2026-03-24T15:41:35.971+0000] {logging_mixin.py:188} INFO - [2026-03-24T15:41:35.970+0000] {dagbag.py:545} INFO - Filling up the DagBag from /opt/airflow/dags/scada_pipeline_dag.py
[2026-03-24T15:41:35.988+0000] {processor.py:840} INFO - DAG(s) 'scada_pipeline' retrieved from /opt/airflow/dags/scada_pipeline_dag.py
[2026-03-24T15:41:36.046+0000] {logging_mixin.py:188} INFO - [2026-03-24T15:41:36.045+0000] {dag.py:3089} INFO - Sync 1 DAGs
[2026-03-24T15:41:36.070+0000] {logging_mixin.py:188} INFO - [2026-03-24T15:41:36.069+0000] {dag.py:3947} INFO - Setting next_dagrun for scada_pipeline to None, run_after=None
[2026-03-24T15:41:36.114+0000] {processor.py:183} INFO - Processing /opt/airflow/dags/scada_pipeline_dag.py took 0.172 seconds
[2026-03-24T15:42:06.151+0000] {processor.py:161} INFO - Started process (PID=328) to work on /opt/airflow/dags/scada_pipeline_dag.py
[2026-03-24T15:42:06.154+0000] {processor.py:830} INFO - Processing file /opt/airflow/dags/scada_pipeline_dag.py for tasks to queue
[2026-03-24T15:42:06.158+0000] {logging_mixin.py:188} INFO - [2026-03-24T15:42:06.157+0000] {dagbag.py:545} INFO - Filling up the DagBag from /opt/airflow/dags/scada_pipeline_dag.py
[2026-03-24T15:42:06.168+0000] {processor.py:840} INFO - DAG(s) 'scada_pipeline' retrieved from /opt/airflow/dags/scada_pipeline_dag.py
[2026-03-24T15:42:06.197+0000] {logging_mixin.py:188} INFO - [2026-03-24T15:42:06.197+0000] {dag.py:3089} INFO - Sync 1 DAGs
[2026-03-24T15:42:06.208+0000] {logging_mixin.py:188} INFO - [2026-03-24T15:42:06.208+0000] {dag.py:3947} INFO - Setting next_dagrun for scada_pipeline to None, run_after=None
[2026-03-24T15:42:06.239+0000] {processor.py:183} INFO - Processing /opt/airflow/dags/scada_pipeline_dag.py took 0.095 seconds
[2026-03-24T15:45:53.832+0000] {processor.py:161} INFO - Started process (PID=168) to work on /opt/airflow/dags/scada_pipeline_dag.py
[2026-03-24T15:45:53.834+0000] {processor.py:830} INFO - Processing file /opt/airflow/dags/scada_pipeline_dag.py for tasks to queue
[2026-03-24T15:45:53.837+0000] {logging_mixin.py:188} INFO - [2026-03-24T15:45:53.836+0000] {dagbag.py:545} INFO - Filling up the DagBag from /opt/airflow/dags/scada_pipeline_dag.py
[2026-03-24T15:45:53.858+0000] {processor.py:840} INFO - DAG(s) 'scada_pipeline' retrieved from /opt/airflow/dags/scada_pipeline_dag.py
[2026-03-24T15:45:53.896+0000] {logging_mixin.py:188} INFO - [2026-03-24T15:45:53.896+0000] {dag.py:3089} INFO - Sync 1 DAGs
[2026-03-24T15:45:53.915+0000] {logging_mixin.py:188} INFO - [2026-03-24T15:45:53.915+0000] {dag.py:3947} INFO - Setting next_dagrun for scada_pipeline to None, run_after=None
[2026-03-24T15:45:53.949+0000] {processor.py:183} INFO - Processing /opt/airflow/dags/scada_pipeline_dag.py took 0.124 seconds
[2026-03-24T15:46:24.033+0000] {processor.py:161} INFO - Started process (PID=173) to work on /opt/airflow/dags/scada_pipeline_dag.py
[2026-03-24T15:46:24.034+0000] {processor.py:830} INFO - Processing file /opt/airflow/dags/scada_pipeline_dag.py for tasks to queue
[2026-03-24T15:46:24.036+0000] {logging_mixin.py:188} INFO - [2026-03-24T15:46:24.035+0000] {dagbag.py:545} INFO - Filling up the DagBag from /opt/airflow/dags/scada_pipeline_dag.py
[2026-03-24T15:46:24.044+0000] {processor.py:840} INFO - DAG(s) 'scada_pipeline' retrieved from /opt/airflow/dags/scada_pipeline_dag.py
[2026-03-24T15:46:24.248+0000] {logging_mixin.py:188} INFO - [2026-03-24T15:46:24.247+0000] {dag.py:3089} INFO - Sync 1 DAGs
[2026-03-24T15:46:24.257+0000] {logging_mixin.py:188} INFO - [2026-03-24T15:46:24.257+0000] {dag.py:3947} INFO - Setting next_dagrun for scada_pipeline to None, run_after=None
[2026-03-24T15:46:24.286+0000] {processor.py:183} INFO - Processing /opt/airflow/dags/scada_pipeline_dag.py took 0.259 seconds
[2026-03-24T15:46:54.474+0000] {processor.py:161} INFO - Started process (PID=178) to work on /opt/airflow/dags/scada_pipeline_dag.py
[2026-03-24T15:46:54.476+0000] {processor.py:830} INFO - Processing file /opt/airflow/dags/scada_pipeline_dag.py for tasks to queue
[2026-03-24T15:46:54.478+0000] {logging_mixin.py:188} INFO - [2026-03-24T15:46:54.478+0000] {dagbag.py:545} INFO - Filling up the DagBag from /opt/airflow/dags/scada_pipeline_dag.py
[2026-03-24T15:46:54.487+0000] {processor.py:840} INFO - DAG(s) 'scada_pipeline' retrieved from /opt/airflow/dags/scada_pipeline_dag.py
[2026-03-24T15:46:54.521+0000] {logging_mixin.py:188} INFO - [2026-03-24T15:46:54.520+0000] {dag.py:3089} INFO - Sync 1 DAGs
[2026-03-24T15:46:54.533+0000] {logging_mixin.py:188} INFO - [2026-03-24T15:46:54.532+0000] {dag.py:3947} INFO - Setting next_dagrun for scada_pipeline to None, run_after=None
[2026-03-24T15:46:54.561+0000] {processor.py:183} INFO - Processing /opt/airflow/dags/scada_pipeline_dag.py took 0.096 seconds
[2026-03-24T15:47:24.665+0000] {processor.py:161} INFO - Started process (PID=183) to work on /opt/airflow/dags/scada_pipeline_dag.py
[2026-03-24T15:47:24.667+0000] {processor.py:830} INFO - Processing file /opt/airflow/dags/scada_pipeline_dag.py for tasks to queue
[2026-03-24T15:47:24.669+0000] {logging_mixin.py:188} INFO - [2026-03-24T15:47:24.669+0000] {dagbag.py:545} INFO - Filling up the DagBag from /opt/airflow/dags/scada_pipeline_dag.py
[2026-03-24T15:47:24.677+0000] {processor.py:840} INFO - DAG(s) 'scada_pipeline' retrieved from /opt/airflow/dags/scada_pipeline_dag.py
[2026-03-24T15:47:24.708+0000] {logging_mixin.py:188} INFO - [2026-03-24T15:47:24.707+0000] {dag.py:3089} INFO - Sync 1 DAGs
[2026-03-24T15:47:24.718+0000] {logging_mixin.py:188} INFO - [2026-03-24T15:47:24.718+0000] {dag.py:3947} INFO - Setting next_dagrun for scada_pipeline to None, run_after=None
[2026-03-24T15:47:24.742+0000] {processor.py:183} INFO - Processing /opt/airflow/dags/scada_pipeline_dag.py took 0.083 seconds
[2026-03-24T15:47:54.954+0000] {processor.py:161} INFO - Started process (PID=188) to work on /opt/airflow/dags/scada_pipeline_dag.py
[2026-03-24T15:47:54.958+0000] {processor.py:830} INFO - Processing file /opt/airflow/dags/scada_pipeline_dag.py for tasks to queue
[2026-03-24T15:47:54.967+0000] {logging_mixin.py:188} INFO - [2026-03-24T15:47:54.967+0000] {dagbag.py:545} INFO - Filling up the DagBag from /opt/airflow/dags/scada_pipeline_dag.py
[2026-03-24T15:47:54.995+0000] {processor.py:840} INFO - DAG(s) 'scada_pipeline' retrieved from /opt/airflow/dags/scada_pipeline_dag.py
[2026-03-24T15:47:55.069+0000] {logging_mixin.py:188} INFO - [2026-03-24T15:47:55.069+0000] {dag.py:3089} INFO - Sync 1 DAGs
[2026-03-24T15:47:55.094+0000] {logging_mixin.py:188} INFO - [2026-03-24T15:47:55.094+0000] {dag.py:3947} INFO - Setting next_dagrun for scada_pipeline to None, run_after=None
[2026-03-24T15:47:55.124+0000] {processor.py:183} INFO - Processing /opt/airflow/dags/scada_pipeline_dag.py took 0.198 seconds
[2026-03-24T15:48:25.293+0000] {processor.py:161} INFO - Started process (PID=210) to work on /opt/airflow/dags/scada_pipeline_dag.py
[2026-03-24T15:48:25.295+0000] {processor.py:830} INFO - Processing file /opt/airflow/dags/scada_pipeline_dag.py for tasks to queue
[2026-03-24T15:48:25.297+0000] {logging_mixin.py:188} INFO - [2026-03-24T15:48:25.296+0000] {dagbag.py:545} INFO - Filling up the DagBag from /opt/airflow/dags/scada_pipeline_dag.py
[2026-03-24T15:48:25.310+0000] {processor.py:840} INFO - DAG(s) 'scada_pipeline' retrieved from /opt/airflow/dags/scada_pipeline_dag.py
[2026-03-24T15:48:25.343+0000] {logging_mixin.py:188} INFO - [2026-03-24T15:48:25.343+0000] {dag.py:3089} INFO - Sync 1 DAGs
[2026-03-24T15:48:25.356+0000] {logging_mixin.py:188} INFO - [2026-03-24T15:48:25.356+0000] {dag.py:3947} INFO - Setting next_dagrun for scada_pipeline to None, run_after=None
[2026-03-24T15:48:25.386+0000] {processor.py:183} INFO - Processing /opt/airflow/dags/scada_pipeline_dag.py took 0.100 seconds
[2026-03-24T15:48:55.473+0000] {processor.py:161} INFO - Started process (PID=215) to work on /opt/airflow/dags/scada_pipeline_dag.py
[2026-03-24T15:48:55.475+0000] {processor.py:830} INFO - Processing file /opt/airflow/dags/scada_pipeline_dag.py for tasks to queue
[2026-03-24T15:48:55.477+0000] {logging_mixin.py:188} INFO - [2026-03-24T15:48:55.477+0000] {dagbag.py:545} INFO - Filling up the DagBag from /opt/airflow/dags/scada_pipeline_dag.py
[2026-03-24T15:48:55.487+0000] {processor.py:840} INFO - DAG(s) 'scada_pipeline' retrieved from /opt/airflow/dags/scada_pipeline_dag.py
[2026-03-24T15:48:55.524+0000] {logging_mixin.py:188} INFO - [2026-03-24T15:48:55.524+0000] {dag.py:3089} INFO - Sync 1 DAGs
[2026-03-24T15:48:55.540+0000] {logging_mixin.py:188} INFO - [2026-03-24T15:48:55.539+0000] {dag.py:3947} INFO - Setting next_dagrun for scada_pipeline to None, run_after=None
[2026-03-24T15:48:55.568+0000] {processor.py:183} INFO - Processing /opt/airflow/dags/scada_pipeline_dag.py took 0.103 seconds
[2026-03-24T15:49:25.747+0000] {processor.py:161} INFO - Started process (PID=220) to work on /opt/airflow/dags/scada_pipeline_dag.py
[2026-03-24T15:49:25.749+0000] {processor.py:830} INFO - Processing file /opt/airflow/dags/scada_pipeline_dag.py for tasks to queue
[2026-03-24T15:49:25.751+0000] {logging_mixin.py:188} INFO - [2026-03-24T15:49:25.751+0000] {dagbag.py:545} INFO - Filling up the DagBag from /opt/airflow/dags/scada_pipeline_dag.py
[2026-03-24T15:49:25.759+0000] {processor.py:840} INFO - DAG(s) 'scada_pipeline' retrieved from /opt/airflow/dags/scada_pipeline_dag.py
[2026-03-24T15:49:25.792+0000] {logging_mixin.py:188} INFO - [2026-03-24T15:49:25.792+0000] {dag.py:3089} INFO - Sync 1 DAGs
[2026-03-24T15:49:25.803+0000] {logging_mixin.py:188} INFO - [2026-03-24T15:49:25.803+0000] {dag.py:3947} INFO - Setting next_dagrun for scada_pipeline to None, run_after=None
[2026-03-24T15:49:25.826+0000] {processor.py:183} INFO - Processing /opt/airflow/dags/scada_pipeline_dag.py took 0.085 seconds
[2026-03-24T15:49:55.933+0000] {processor.py:161} INFO - Started process (PID=225) to work on /opt/airflow/dags/scada_pipeline_dag.py
[2026-03-24T15:49:55.935+0000] {processor.py:830} INFO - Processing file /opt/airflow/dags/scada_pipeline_dag.py for tasks to queue
[2026-03-24T15:49:55.937+0000] {logging_mixin.py:188} INFO - [2026-03-24T15:49:55.937+0000] {dagbag.py:545} INFO - Filling up the DagBag from /opt/airflow/dags/scada_pipeline_dag.py
[2026-03-24T15:49:55.949+0000] {processor.py:840} INFO - DAG(s) 'scada_pipeline' retrieved from /opt/airflow/dags/scada_pipeline_dag.py
[2026-03-24T15:49:55.985+0000] {logging_mixin.py:188} INFO - [2026-03-24T15:49:55.985+0000] {dag.py:3089} INFO - Sync 1 DAGs
[2026-03-24T15:49:55.999+0000] {logging_mixin.py:188} INFO - [2026-03-24T15:49:55.999+0000] {dag.py:3947} INFO - Setting next_dagrun for scada_pipeline to None, run_after=None
[2026-03-24T15:49:56.026+0000] {processor.py:183} INFO - Processing /opt/airflow/dags/scada_pipeline_dag.py took 0.099 seconds
[2026-03-24T15:50:26.165+0000] {processor.py:161} INFO - Started process (PID=230) to work on /opt/airflow/dags/scada_pipeline_dag.py
[2026-03-24T15:50:26.167+0000] {processor.py:830} INFO - Processing file /opt/airflow/dags/scada_pipeline_dag.py for tasks to queue
[2026-03-24T15:50:26.169+0000] {logging_mixin.py:188} INFO - [2026-03-24T15:50:26.169+0000] {dagbag.py:545} INFO - Filling up the DagBag from /opt/airflow/dags/scada_pipeline_dag.py
[2026-03-24T15:50:26.179+0000] {processor.py:840} INFO - DAG(s) 'scada_pipeline' retrieved from /opt/airflow/dags/scada_pipeline_dag.py
[2026-03-24T15:50:26.211+0000] {logging_mixin.py:188} INFO - [2026-03-24T15:50:26.211+0000] {dag.py:3089} INFO - Sync 1 DAGs
[2026-03-24T15:50:26.225+0000] {logging_mixin.py:188} INFO - [2026-03-24T15:50:26.225+0000] {dag.py:3947} INFO - Setting next_dagrun for scada_pipeline to None, run_after=None
[2026-03-24T15:50:26.256+0000] {processor.py:183} INFO - Processing /opt/airflow/dags/scada_pipeline_dag.py took 0.096 seconds
[2026-03-24T15:50:56.377+0000] {processor.py:161} INFO - Started process (PID=235) to work on /opt/airflow/dags/scada_pipeline_dag.py
[2026-03-24T15:50:56.379+0000] {processor.py:830} INFO - Processing file /opt/airflow/dags/scada_pipeline_dag.py for tasks to queue
[2026-03-24T15:50:56.381+0000] {logging_mixin.py:188} INFO - [2026-03-24T15:50:56.380+0000] {dagbag.py:545} INFO - Filling up the DagBag from /opt/airflow/dags/scada_pipeline_dag.py
[2026-03-24T15:50:56.389+0000] {processor.py:840} INFO - DAG(s) 'scada_pipeline' retrieved from /opt/airflow/dags/scada_pipeline_dag.py
[2026-03-24T15:50:56.419+0000] {logging_mixin.py:188} INFO - [2026-03-24T15:50:56.419+0000] {dag.py:3089} INFO - Sync 1 DAGs
[2026-03-24T15:50:56.432+0000] {logging_mixin.py:188} INFO - [2026-03-24T15:50:56.432+0000] {dag.py:3947} INFO - Setting next_dagrun for scada_pipeline to None, run_after=None
[2026-03-24T15:50:56.458+0000] {processor.py:183} INFO - Processing /opt/airflow/dags/scada_pipeline_dag.py took 0.086 seconds
[2026-03-24T15:51:26.585+0000] {processor.py:161} INFO - Started process (PID=240) to work on /opt/airflow/dags/scada_pipeline_dag.py
[2026-03-24T15:51:26.587+0000] {processor.py:830} INFO - Processing file /opt/airflow/dags/scada_pipeline_dag.py for tasks to queue
[2026-03-24T15:51:26.589+0000] {logging_mixin.py:188} INFO - [2026-03-24T15:51:26.588+0000] {dagbag.py:545} INFO - Filling up the DagBag from /opt/airflow/dags/scada_pipeline_dag.py
[2026-03-24T15:51:26.596+0000] {processor.py:840} INFO - DAG(s) 'scada_pipeline' retrieved from /opt/airflow/dags/scada_pipeline_dag.py
[2026-03-24T15:51:26.624+0000] {logging_mixin.py:188} INFO - [2026-03-24T15:51:26.624+0000] {dag.py:3089} INFO - Sync 1 DAGs
[2026-03-24T15:51:26.635+0000] {logging_mixin.py:188} INFO - [2026-03-24T15:51:26.635+0000] {dag.py:3947} INFO - Setting next_dagrun for scada_pipeline to None, run_after=None
[2026-03-24T15:51:26.658+0000] {processor.py:183} INFO - Processing /opt/airflow/dags/scada_pipeline_dag.py took 0.079 seconds
[2026-03-24T15:51:56.785+0000] {processor.py:161} INFO - Started process (PID=245) to work on /opt/airflow/dags/scada_pipeline_dag.py
[2026-03-24T15:51:56.787+0000] {processor.py:830} INFO - Processing file /opt/airflow/dags/scada_pipeline_dag.py for tasks to queue
[2026-03-24T15:51:56.791+0000] {logging_mixin.py:188} INFO - [2026-03-24T15:51:56.790+0000] {dagbag.py:545} INFO - Filling up the DagBag from /opt/airflow/dags/scada_pipeline_dag.py
[2026-03-24T15:51:56.806+0000] {processor.py:840} INFO - DAG(s) 'scada_pipeline' retrieved from /opt/airflow/dags/scada_pipeline_dag.py
[2026-03-24T15:51:56.854+0000] {logging_mixin.py:188} INFO - [2026-03-24T15:51:56.854+0000] {dag.py:3089} INFO - Sync 1 DAGs
[2026-03-24T15:51:56.868+0000] {logging_mixin.py:188} INFO - [2026-03-24T15:51:56.868+0000] {dag.py:3947} INFO - Setting next_dagrun for scada_pipeline to None, run_after=None
[2026-03-24T15:51:56.899+0000] {processor.py:183} INFO - Processing /opt/airflow/dags/scada_pipeline_dag.py took 0.122 seconds
