[2026-03-26T15:11:39.465+0000] {local_task_job_runner.py:120} INFO - ::group::Pre task execution logs
[2026-03-26T15:11:39.498+0000] {taskinstance.py:2076} INFO - Dependencies all met for dep_context=non-requeueable deps ti=<TaskInstance: scada_pipeline.run_dbt_models manual__2026-03-26T15:11:24.188246+00:00 [queued]>
[2026-03-26T15:11:39.507+0000] {taskinstance.py:2076} INFO - Dependencies all met for dep_context=requeueable deps ti=<TaskInstance: scada_pipeline.run_dbt_models manual__2026-03-26T15:11:24.188246+00:00 [queued]>
[2026-03-26T15:11:39.507+0000] {taskinstance.py:2306} INFO - Starting attempt 1 of 1
[2026-03-26T15:11:39.520+0000] {taskinstance.py:2330} INFO - Executing <Task(BashOperator): run_dbt_models> on 2026-03-26 15:11:24.188246+00:00
[2026-03-26T15:11:39.526+0000] {standard_task_runner.py:90} INFO - Running: ['***', 'tasks', 'run', 'scada_pipeline', 'run_dbt_models', 'manual__2026-03-26T15:11:24.188246+00:00', '--job-id', '12', '--raw', '--subdir', 'DAGS_FOLDER/scada_pipeline_dag.py', '--cfg-path', '/tmp/tmpdcja96sb']
[2026-03-26T15:11:39.528+0000] {logging_mixin.py:188} WARNING - /home/***/.local/lib/python3.12/site-packages/***/task/task_runner/standard_task_runner.py:62 DeprecationWarning: This process (pid=667) is multi-threaded, use of fork() may lead to deadlocks in the child.
[2026-03-26T15:11:39.529+0000] {standard_task_runner.py:91} INFO - Job 12: Subtask run_dbt_models
[2026-03-26T15:11:39.529+0000] {standard_task_runner.py:64} INFO - Started process 673 to run task
[2026-03-26T15:11:39.572+0000] {task_command.py:426} INFO - Running <TaskInstance: scada_pipeline.run_dbt_models manual__2026-03-26T15:11:24.188246+00:00 [running]> on host a90eb16e62dd
[2026-03-26T15:11:39.643+0000] {taskinstance.py:2648} INFO - Exporting env vars: AIRFLOW_CTX_DAG_OWNER='***' AIRFLOW_CTX_DAG_ID='scada_pipeline' AIRFLOW_CTX_TASK_ID='run_dbt_models' AIRFLOW_CTX_EXECUTION_DATE='2026-03-26T15:11:24.188246+00:00' AIRFLOW_CTX_TRY_NUMBER='1' AIRFLOW_CTX_DAG_RUN_ID='manual__2026-03-26T15:11:24.188246+00:00'
[2026-03-26T15:11:39.644+0000] {taskinstance.py:430} INFO - ::endgroup::
[2026-03-26T15:11:39.655+0000] {subprocess.py:63} INFO - Tmp dir root location: /tmp
[2026-03-26T15:11:39.657+0000] {subprocess.py:75} INFO - Running command: ['/usr/bin/bash', '-c', 'cd /opt/project/dbt/wind_farm_project && mkdir -p /tmp/dbt-logs /tmp/dbt-target && dbt run --project-dir . --profiles-dir /home/***/.dbt --log-path /tmp/dbt-logs --target-path /tmp/dbt-target']
[2026-03-26T15:11:39.664+0000] {subprocess.py:86} INFO - Output:
[2026-03-26T15:11:41.587+0000] {subprocess.py:93} INFO - [0m15:11:41  Running with dbt=1.11.7
[2026-03-26T15:11:43.391+0000] {subprocess.py:93} INFO - [0m15:11:43  Registered adapter: bigquery=1.11.1
[2026-03-26T15:11:43.496+0000] {subprocess.py:93} INFO - [0m15:11:43  Unable to do partial parsing because saved manifest not found. Starting full parse.
[2026-03-26T15:11:44.477+0000] {subprocess.py:93} INFO - [0m15:11:44  Found 3 models, 538 macros
[2026-03-26T15:11:44.479+0000] {subprocess.py:93} INFO - [0m15:11:44
[2026-03-26T15:11:44.479+0000] {subprocess.py:93} INFO - [0m15:11:44  Concurrency: 4 threads (target='dev')
[2026-03-26T15:11:44.479+0000] {subprocess.py:93} INFO - [0m15:11:44
[2026-03-26T15:11:45.968+0000] {subprocess.py:93} INFO - [0m15:11:45  1 of 3 START sql view model wind_farm.stg_scada ................................ [RUN]
[2026-03-26T15:11:46.945+0000] {subprocess.py:93} INFO - [0m15:11:46  1 of 3 OK created sql view model wind_farm.stg_scada ........................... [[32mCREATE VIEW (0 processed)[0m in 0.97s]
[2026-03-26T15:11:46.948+0000] {subprocess.py:93} INFO - [0m15:11:46  2 of 3 START sql table model wind_farm.scada_daily_metrics ..................... [RUN]
[2026-03-26T15:11:46.949+0000] {subprocess.py:93} INFO - [0m15:11:46  3 of 3 START sql table model wind_farm.scada_power_curve ....................... [RUN]
[2026-03-26T15:11:49.678+0000] {subprocess.py:93} INFO - [0m15:11:49  3 of 3 OK created sql table model wind_farm.scada_power_curve .................. [[32mCREATE TABLE (240.0 rows, 1.2 MiB processed)[0m in 2.73s]
[2026-03-26T15:11:49.938+0000] {subprocess.py:93} INFO - [0m15:11:49  2 of 3 OK created sql table model wind_farm.scada_daily_metrics ................ [[32mCREATE TABLE (356.0 rows, 2.4 MiB processed)[0m in 2.99s]
[2026-03-26T15:11:49.947+0000] {subprocess.py:93} INFO - [0m15:11:49
[2026-03-26T15:11:49.948+0000] {subprocess.py:93} INFO - [0m15:11:49  Finished running 2 table models, 1 view model in 0 hours 0 minutes and 5.47 seconds (5.47s).
[2026-03-26T15:11:49.975+0000] {subprocess.py:93} INFO - [0m15:11:49
[2026-03-26T15:11:49.976+0000] {subprocess.py:93} INFO - [0m15:11:49  [32mCompleted successfully[0m
[2026-03-26T15:11:49.976+0000] {subprocess.py:93} INFO - [0m15:11:49
[2026-03-26T15:11:49.977+0000] {subprocess.py:93} INFO - [0m15:11:49  Done. PASS=3 WARN=0 ERROR=0 SKIP=0 NO-OP=0 TOTAL=3
[2026-03-26T15:11:50.660+0000] {subprocess.py:97} INFO - Command exited with return code 0
[2026-03-26T15:11:50.661+0000] {taskinstance.py:441} INFO - ::group::Post task execution logs
[2026-03-26T15:11:50.684+0000] {taskinstance.py:1206} INFO - Marking task as SUCCESS. dag_id=scada_pipeline, task_id=run_dbt_models, run_id=manual__2026-03-26T15:11:24.188246+00:00, execution_date=20260326T151124, start_date=20260326T151139, end_date=20260326T151150
[2026-03-26T15:11:50.707+0000] {local_task_job_runner.py:243} INFO - Task exited with return code 0
[2026-03-26T15:11:50.718+0000] {taskinstance.py:3503} INFO - 0 downstream tasks scheduled from follow-on schedule check
[2026-03-26T15:11:50.722+0000] {local_task_job_runner.py:222} INFO - ::endgroup::
